{"meta": {"format": 3, "version": "7.9.1", "timestamp": "2025-06-23T16:11:08.246228", "branch_coverage": true, "show_contexts": false}, "files": {"src/b2aiprep/__init__.py": {"executed_lines": [1, 3], "summary": {"covered_lines": 2, "num_statements": 2, "percent_covered": 100.0, "percent_covered_display": "100", "missing_lines": 0, "excluded_lines": 0, "num_branches": 0, "num_partial_branches": 0, "covered_branches": 0, "missing_branches": 0}, "missing_lines": [], "excluded_lines": [], "executed_branches": [], "missing_branches": [], "functions": {"": {"executed_lines": [1, 3], "summary": {"covered_lines": 2, "num_statements": 2, "percent_covered": 100.0, "percent_covered_display": "100", "missing_lines": 0, "excluded_lines": 0, "num_branches": 0, "num_partial_branches": 0, "covered_branches": 0, "missing_branches": 0}, "missing_lines": [], "excluded_lines": [], "executed_branches": [], "missing_branches": []}}, "classes": {"": {"executed_lines": [1, 3], "summary": {"covered_lines": 2, "num_statements": 2, "percent_covered": 100.0, "percent_covered_display": "100", "missing_lines": 0, "excluded_lines": 0, "num_branches": 0, "num_partial_branches": 0, "covered_branches": 0, "missing_branches": 0}, "missing_lines": [], "excluded_lines": [], "executed_branches": [], "missing_branches": []}}}, "src/b2aiprep/_version.py": {"executed_lines": [11, 13, 14, 15, 16, 17, 18, 19, 22, 28, 29, 30, 31, 32, 35, 36, 38, 39, 40, 41, 42, 43, 46, 50, 51, 52, 53, 54, 55, 56, 57, 60, 61, 64, 65, 68, 71, 73, 74, 75, 76, 78, 81, 90, 91, 93, 94, 100, 101, 102, 104, 112, 124, 125, 130, 133, 167, 168, 195, 196, 202, 204, 205, 208, 216, 217, 218, 219, 221, 270, 271, 280, 281, 287, 288, 289, 291, 292, 299, 313, 315, 316, 317, 319, 321, 322, 323, 324, 326, 328, 330, 332, 356, 360, 363, 364, 365, 370, 372, 373, 379, 380, 389, 392, 395, 404, 407, 408, 410, 413, 415, 417, 420, 429, 430, 431, 432, 433, 434, 441, 444, 473, 483, 510, 537, 566, 588, 608, 628, 630, 639, 642, 643, 661, 670, 677, 678, 680, 681, 682, 683, 685, 686, 690, 691, 701, 702, 703], "summary": {"covered_lines": 145, "num_statements": 358, "percent_covered": 32.03703703703704, "percent_covered_display": "32", "missing_lines": 213, "excluded_lines": 0, "num_branches": 182, "num_partial_branches": 24, "covered_branches": 28, "missing_branches": 154}, "missing_lines": [96, 97, 98, 113, 114, 115, 116, 117, 118, 119, 121, 122, 123, 126, 127, 128, 129, 144, 146, 147, 148, 149, 156, 157, 159, 160, 164, 174, 175, 176, 177, 178, 179, 180, 181, 182, 183, 184, 185, 186, 187, 188, 189, 190, 191, 192, 203, 220, 222, 225, 226, 227, 235, 236, 237, 238, 239, 240, 242, 243, 247, 248, 249, 250, 251, 259, 260, 261, 282, 293, 294, 295, 314, 318, 329, 336, 338, 339, 340, 343, 344, 347, 348, 349, 350, 351, 354, 366, 375, 376, 381, 382, 383, 384, 388, 399, 400, 401, 416, 435, 438, 439, 440, 453, 454, 455, 456, 457, 458, 459, 460, 461, 464, 465, 466, 467, 468, 469, 470, 479, 480, 489, 490, 492, 493, 494, 495, 500, 503, 506, 507, 520, 521, 522, 523, 524, 525, 526, 527, 530, 531, 532, 533, 534, 545, 546, 547, 548, 549, 550, 551, 552, 553, 554, 557, 558, 559, 560, 561, 562, 563, 574, 575, 576, 577, 578, 579, 582, 583, 584, 585, 596, 597, 598, 599, 602, 603, 604, 605, 617, 618, 619, 622, 623, 624, 625, 631, 640, 644, 645, 646, 647, 648, 649, 650, 651, 652, 653, 654, 655, 656, 657, 659, 692, 693, 704, 705, 707, 708, 709, 710, 711, 713], "excluded_lines": [], "executed_branches": [[73, 74], [73, 75], [94, 100], [100, 101], [125, 130], [202, 204], [205, 208], [218, 219], [219, 221], [281, 287], [292, 299], [313, 315], [317, 319], [328, 330], [332, 356], [365, 370], [370, 372], [373, 379], [380, 389], [415, 417], [429, 430], [431, 432], [434, 441], [630, 639], [639, 642], [642, 643], [690, 691], [690, 701]], "missing_branches": [[94, 96], [100, 121], [114, 115], [114, 116], [116, 117], [116, 119], [121, 122], [121, 123], [125, 126], [126, 127], [126, 129], [146, 147], [146, 159], [148, 149], [148, 156], [159, 160], [159, 164], [177, 178], [177, 192], [178, 179], [178, 182], [180, 181], [180, 182], [182, 183], [182, 186], [184, 185], [184, 186], [186, 177], [186, 187], [188, 177], [188, 189], [202, 203], [205, 217], [218, 222], [219, 220], [227, 235], [227, 238], [236, 237], [236, 238], [238, 239], [238, 240], [240, 242], [240, 259], [242, 240], [242, 243], [247, 248], [247, 249], [249, 250], [249, 251], [259, 260], [259, 261], [281, 282], [292, 293], [293, 294], [293, 295], [313, 314], [317, 318], [328, 329], [332, 336], [338, 339], [338, 340], [343, 344], [343, 347], [348, 349], [348, 350], [350, 351], [350, 354], [365, 366], [370, 399], [373, 375], [380, 381], [381, 382], [381, 384], [415, 416], [429, 438], [431, 441], [434, 435], [439, 440], [439, 441], [453, 454], [453, 464], [455, 456], [455, 470], [456, 457], [456, 458], [460, 461], [460, 470], [465, 466], [465, 467], [468, 469], [468, 470], [489, 490], [489, 506], [490, 492], [490, 503], [494, 495], [494, 500], [520, 521], [520, 530], [522, 523], [522, 534], [524, 525], [524, 526], [531, 532], [531, 533], [545, 546], [545, 557], [547, 548], [547, 563], [549, 550], [549, 551], [553, 554], [553, 563], [558, 559], [558, 560], [561, 562], [561, 563], [574, 575], [574, 582], [576, 577], [576, 585], [578, 579], [578, 585], [583, 584], [583, 585], [596, 597], [596, 602], [598, 599], [598, 603], [603, 604], [603, 605], [617, 618], [617, 622], [623, 624], [623, 625], [630, 631], [639, 640], [642, 644], [644, 645], [644, 646], [646, 647], [646, 648], [648, 649], [648, 650], [650, 651], [650, 652], [652, 653], [652, 654], [654, 655], [654, 656], [656, 657], [656, 659], [708, 709], [708, 713]], "functions": {"get_keywords": {"executed_lines": [28, 29, 30, 31, 32], "summary": {"covered_lines": 5, "num_statements": 5, "percent_covered": 100.0, "percent_covered_display": "100", "missing_lines": 0, "excluded_lines": 0, "num_branches": 0, "num_partial_branches": 0, "covered_branches": 0, "missing_branches": 0}, "missing_lines": [], "excluded_lines": [], "executed_branches": [], "missing_branches": []}, "get_config": {"executed_lines": [50, 51, 52, 53, 54, 55, 56, 57], "summary": {"covered_lines": 8, "num_statements": 8, "percent_covered": 100.0, "percent_covered_display": "100", "missing_lines": 0, "excluded_lines": 0, "num_branches": 0, "num_partial_branches": 0, "covered_branches": 0, "missing_branches": 0}, "missing_lines": [], "excluded_lines": [], "executed_branches": [], "missing_branches": []}, "register_vcs_handler": {"executed_lines": [71, 78], "summary": {"covered_lines": 2, "num_statements": 2, "percent_covered": 100.0, "percent_covered_display": "100", "missing_lines": 0, "excluded_lines": 0, "num_branches": 0, "num_partial_branches": 0, "covered_branches": 0, "missing_branches": 0}, "missing_lines": [], "excluded_lines": [], "executed_branches": [], "missing_branches": []}, "register_vcs_handler.decorate": {"executed_lines": [73, 74, 75, 76], "summary": {"covered_lines": 4, "num_statements": 4, "percent_covered": 100.0, "percent_covered_display": "100", "missing_lines": 0, "excluded_lines": 0, "num_branches": 2, "num_partial_branches": 0, "covered_branches": 2, "missing_branches": 0}, "missing_lines": [], "excluded_lines": [], "executed_branches": [[73, 74], [73, 75]], "missing_branches": []}, "run_command": {"executed_lines": [90, 91, 93, 94, 100, 101, 102, 104, 112, 124, 125, 130], "summary": {"covered_lines": 12, "num_statements": 29, "percent_covered": 34.883720930232556, "percent_covered_display": "35", "missing_lines": 17, "excluded_lines": 0, "num_branches": 14, "num_partial_branches": 3, "covered_branches": 3, "missing_branches": 11}, "missing_lines": [96, 97, 98, 113, 114, 115, 116, 117, 118, 119, 121, 122, 123, 126, 127, 128, 129], "excluded_lines": [], "executed_branches": [[94, 100], [100, 101], [125, 130]], "missing_branches": [[94, 96], [100, 121], [114, 115], [114, 116], [116, 117], [116, 119], [121, 122], [121, 123], [125, 126], [126, 127], [126, 129]]}, "versions_from_parentdir": {"executed_lines": [], "summary": {"covered_lines": 0, "num_statements": 10, "percent_covered": 0.0, "percent_covered_display": "0", "missing_lines": 10, "excluded_lines": 0, "num_branches": 6, "num_partial_branches": 0, "covered_branches": 0, "missing_branches": 6}, "missing_lines": [144, 146, 147, 148, 149, 156, 157, 159, 160, 164], "excluded_lines": [], "executed_branches": [], "missing_branches": [[146, 147], [146, 159], [148, 149], [148, 156], [159, 160], [159, 164]]}, "git_get_keywords": {"executed_lines": [], "summary": {"covered_lines": 0, "num_statements": 19, "percent_covered": 0.0, "percent_covered_display": "0", "missing_lines": 19, "excluded_lines": 0, "num_branches": 14, "num_partial_branches": 0, "covered_branches": 0, "missing_branches": 14}, "missing_lines": [174, 175, 176, 177, 178, 179, 180, 181, 182, 183, 184, 185, 186, 187, 188, 189, 190, 191, 192], "excluded_lines": [], "executed_branches": [], "missing_branches": [[177, 178], [177, 192], [178, 179], [178, 182], [180, 181], [180, 182], [182, 183], [182, 186], [184, 185], [184, 186], [186, 177], [186, 187], [188, 177], [188, 189]]}, "git_versions_from_keywords": {"executed_lines": [202, 204, 205, 208, 216, 217, 218, 219, 221], "summary": {"covered_lines": 9, "num_statements": 31, "percent_covered": 23.636363636363637, "percent_covered_display": "24", "missing_lines": 22, "excluded_lines": 0, "num_branches": 24, "num_partial_branches": 4, "covered_branches": 4, "missing_branches": 20}, "missing_lines": [203, 220, 222, 225, 226, 227, 235, 236, 237, 238, 239, 240, 242, 243, 247, 248, 249, 250, 251, 259, 260, 261], "excluded_lines": [], "executed_branches": [[202, 204], [205, 208], [218, 219], [219, 221]], "missing_branches": [[202, 203], [205, 217], [218, 222], [219, 220], [227, 235], [227, 238], [236, 237], [236, 238], [238, 239], [238, 240], [240, 242], [240, 259], [242, 240], [242, 243], [247, 248], [247, 249], [249, 250], [249, 251], [259, 260], [259, 261]]}, "git_pieces_from_vcs": {"executed_lines": [280, 281, 287, 288, 289, 291, 292, 299, 313, 315, 316, 317, 319, 321, 322, 323, 324, 326, 328, 330, 332, 356, 360, 363, 364, 365, 370, 372, 373, 379, 380, 389, 392, 395, 404, 407, 408, 410], "summary": {"covered_lines": 38, "num_statements": 68, "percent_covered": 48.0, "percent_covered_display": "48", "missing_lines": 30, "excluded_lines": 0, "num_branches": 32, "num_partial_branches": 10, "covered_branches": 10, "missing_branches": 22}, "missing_lines": [282, 293, 294, 295, 314, 318, 329, 336, 338, 339, 340, 343, 344, 347, 348, 349, 350, 351, 354, 366, 375, 376, 381, 382, 383, 384, 388, 399, 400, 401], "excluded_lines": [], "executed_branches": [[281, 287], [292, 299], [313, 315], [317, 319], [328, 330], [332, 356], [365, 370], [370, 372], [373, 379], [380, 389]], "missing_branches": [[281, 282], [292, 293], [293, 294], [293, 295], [313, 314], [317, 318], [328, 329], [332, 336], [338, 339], [338, 340], [343, 344], [343, 347], [348, 349], [348, 350], [350, 351], [350, 354], [365, 366], [370, 399], [373, 375], [380, 381], [381, 382], [381, 384]]}, "plus_or_dot": {"executed_lines": [415, 417], "summary": {"covered_lines": 2, "num_statements": 3, "percent_covered": 60.0, "percent_covered_display": "60", "missing_lines": 1, "excluded_lines": 0, "num_branches": 2, "num_partial_branches": 1, "covered_branches": 1, "missing_branches": 1}, "missing_lines": [416], "excluded_lines": [], "executed_branches": [[415, 417]], "missing_branches": [[415, 416]]}, "render_pep440": {"executed_lines": [429, 430, 431, 432, 433, 434, 441], "summary": {"covered_lines": 7, "num_statements": 11, "percent_covered": 52.63157894736842, "percent_covered_display": "53", "missing_lines": 4, "excluded_lines": 0, "num_branches": 8, "num_partial_branches": 3, "covered_branches": 3, "missing_branches": 5}, "missing_lines": [435, 438, 439, 440], "excluded_lines": [], "executed_branches": [[429, 430], [431, 432], [434, 441]], "missing_branches": [[429, 438], [431, 441], [434, 435], [439, 440], [439, 441]]}, "render_pep440_branch": {"executed_lines": [], "summary": {"covered_lines": 0, "num_statements": 16, "percent_covered": 0.0, "percent_covered_display": "0", "missing_lines": 16, "excluded_lines": 0, "num_branches": 12, "num_partial_branches": 0, "covered_branches": 0, "missing_branches": 12}, "missing_lines": [453, 454, 455, 456, 457, 458, 459, 460, 461, 464, 465, 466, 467, 468, 469, 470], "excluded_lines": [], "executed_branches": [], "missing_branches": [[453, 454], [453, 464], [455, 456], [455, 470], [456, 457], [456, 458], [460, 461], [460, 470], [465, 466], [465, 467], [468, 469], [468, 470]]}, "pep440_split_post": {"executed_lines": [], "summary": {"covered_lines": 0, "num_statements": 2, "percent_covered": 0.0, "percent_covered_display": "0", "missing_lines": 2, "excluded_lines": 0, "num_branches": 0, "num_partial_branches": 0, "covered_branches": 0, "missing_branches": 0}, "missing_lines": [479, 480], "excluded_lines": [], "executed_branches": [], "missing_branches": []}, "render_pep440_pre": {"executed_lines": [], "summary": {"covered_lines": 0, "num_statements": 10, "percent_covered": 0.0, "percent_covered_display": "0", "missing_lines": 10, "excluded_lines": 0, "num_branches": 6, "num_partial_branches": 0, "covered_branches": 0, "missing_branches": 6}, "missing_lines": [489, 490, 492, 493, 494, 495, 500, 503, 506, 507], "excluded_lines": [], "executed_branches": [], "missing_branches": [[489, 490], [489, 506], [490, 492], [490, 503], [494, 495], [494, 500]]}, "render_pep440_post": {"executed_lines": [], "summary": {"covered_lines": 0, "num_statements": 13, "percent_covered": 0.0, "percent_covered_display": "0", "missing_lines": 13, "excluded_lines": 0, "num_branches": 8, "num_partial_branches": 0, "covered_branches": 0, "missing_branches": 8}, "missing_lines": [520, 521, 522, 523, 524, 525, 526, 527, 530, 531, 532, 533, 534], "excluded_lines": [], "executed_branches": [], "missing_branches": [[520, 521], [520, 530], [522, 523], [522, 534], [524, 525], [524, 526], [531, 532], [531, 533]]}, "render_pep440_post_branch": {"executed_lines": [], "summary": {"covered_lines": 0, "num_statements": 17, "percent_covered": 0.0, "percent_covered_display": "0", "missing_lines": 17, "excluded_lines": 0, "num_branches": 12, "num_partial_branches": 0, "covered_branches": 0, "missing_branches": 12}, "missing_lines": [545, 546, 547, 548, 549, 550, 551, 552, 553, 554, 557, 558, 559, 560, 561, 562, 563], "excluded_lines": [], "executed_branches": [], "missing_branches": [[545, 546], [545, 557], [547, 548], [547, 563], [549, 550], [549, 551], [553, 554], [553, 563], [558, 559], [558, 560], [561, 562], [561, 563]]}, "render_pep440_old": {"executed_lines": [], "summary": {"covered_lines": 0, "num_statements": 10, "percent_covered": 0.0, "percent_covered_display": "0", "missing_lines": 10, "excluded_lines": 0, "num_branches": 8, "num_partial_branches": 0, "covered_branches": 0, "missing_branches": 8}, "missing_lines": [574, 575, 576, 577, 578, 579, 582, 583, 584, 585], "excluded_lines": [], "executed_branches": [], "missing_branches": [[574, 575], [574, 582], [576, 577], [576, 585], [578, 579], [578, 585], [583, 584], [583, 585]]}, "render_git_describe": {"executed_lines": [], "summary": {"covered_lines": 0, "num_statements": 8, "percent_covered": 0.0, "percent_covered_display": "0", "missing_lines": 8, "excluded_lines": 0, "num_branches": 6, "num_partial_branches": 0, "covered_branches": 0, "missing_branches": 6}, "missing_lines": [596, 597, 598, 599, 602, 603, 604, 605], "excluded_lines": [], "executed_branches": [], "missing_branches": [[596, 597], [596, 602], [598, 599], [598, 603], [603, 604], [603, 605]]}, "render_git_describe_long": {"executed_lines": [], "summary": {"covered_lines": 0, "num_statements": 7, "percent_covered": 0.0, "percent_covered_display": "0", "missing_lines": 7, "excluded_lines": 0, "num_branches": 4, "num_partial_branches": 0, "covered_branches": 0, "missing_branches": 4}, "missing_lines": [617, 618, 619, 622, 623, 624, 625], "excluded_lines": [], "executed_branches": [], "missing_branches": [[617, 618], [617, 622], [623, 624], [623, 625]]}, "render": {"executed_lines": [630, 639, 642, 643, 661], "summary": {"covered_lines": 5, "num_statements": 22, "percent_covered": 19.047619047619047, "percent_covered_display": "19", "missing_lines": 17, "excluded_lines": 0, "num_branches": 20, "num_partial_branches": 3, "covered_branches": 3, "missing_branches": 17}, "missing_lines": [631, 640, 644, 645, 646, 647, 648, 649, 650, 651, 652, 653, 654, 655, 656, 657, 659], "excluded_lines": [], "executed_branches": [[630, 639], [639, 642], [642, 643]], "missing_branches": [[630, 631], [639, 640], [642, 644], [644, 645], [644, 646], [646, 647], [646, 648], [648, 649], [648, 650], [650, 651], [650, 652], [652, 653], [652, 654], [654, 655], [654, 656], [656, 657], [656, 659]]}, "get_versions": {"executed_lines": [677, 678, 680, 681, 682, 683, 685, 686, 690, 691, 701, 702, 703], "summary": {"covered_lines": 13, "num_statements": 23, "percent_covered": 55.55555555555556, "percent_covered_display": "56", "missing_lines": 10, "excluded_lines": 0, "num_branches": 4, "num_partial_branches": 0, "covered_branches": 2, "missing_branches": 2}, "missing_lines": [692, 693, 704, 705, 707, 708, 709, 710, 711, 713], "excluded_lines": [], "executed_branches": [[690, 691], [690, 701]], "missing_branches": [[708, 709], [708, 713]]}, "": {"executed_lines": [11, 13, 14, 15, 16, 17, 18, 19, 22, 35, 36, 38, 39, 40, 41, 42, 43, 46, 60, 61, 64, 65, 68, 81, 133, 167, 168, 195, 196, 270, 271, 413, 420, 444, 473, 483, 510, 537, 566, 588, 608, 628, 670], "summary": {"covered_lines": 40, "num_statements": 40, "percent_covered": 100.0, "percent_covered_display": "100", "missing_lines": 0, "excluded_lines": 0, "num_branches": 0, "num_partial_branches": 0, "covered_branches": 0, "missing_branches": 0}, "missing_lines": [], "excluded_lines": [], "executed_branches": [], "missing_branches": []}}, "classes": {"VersioneerConfig": {"executed_lines": [], "summary": {"covered_lines": 0, "num_statements": 0, "percent_covered": 100.0, "percent_covered_display": "100", "missing_lines": 0, "excluded_lines": 0, "num_branches": 0, "num_partial_branches": 0, "covered_branches": 0, "missing_branches": 0}, "missing_lines": [], "excluded_lines": [], "executed_branches": [], "missing_branches": []}, "NotThisMethod": {"executed_lines": [], "summary": {"covered_lines": 0, "num_statements": 0, "percent_covered": 100.0, "percent_covered_display": "100", "missing_lines": 0, "excluded_lines": 0, "num_branches": 0, "num_partial_branches": 0, "covered_branches": 0, "missing_branches": 0}, "missing_lines": [], "excluded_lines": [], "executed_branches": [], "missing_branches": []}, "": {"executed_lines": [11, 13, 14, 15, 16, 17, 18, 19, 22, 28, 29, 30, 31, 32, 35, 36, 38, 39, 40, 41, 42, 43, 46, 50, 51, 52, 53, 54, 55, 56, 57, 60, 61, 64, 65, 68, 71, 73, 74, 75, 76, 78, 81, 90, 91, 93, 94, 100, 101, 102, 104, 112, 124, 125, 130, 133, 167, 168, 195, 196, 202, 204, 205, 208, 216, 217, 218, 219, 221, 270, 271, 280, 281, 287, 288, 289, 291, 292, 299, 313, 315, 316, 317, 319, 321, 322, 323, 324, 326, 328, 330, 332, 356, 360, 363, 364, 365, 370, 372, 373, 379, 380, 389, 392, 395, 404, 407, 408, 410, 413, 415, 417, 420, 429, 430, 431, 432, 433, 434, 441, 444, 473, 483, 510, 537, 566, 588, 608, 628, 630, 639, 642, 643, 661, 670, 677, 678, 680, 681, 682, 683, 685, 686, 690, 691, 701, 702, 703], "summary": {"covered_lines": 145, "num_statements": 358, "percent_covered": 32.03703703703704, "percent_covered_display": "32", "missing_lines": 213, "excluded_lines": 0, "num_branches": 182, "num_partial_branches": 24, "covered_branches": 28, "missing_branches": 154}, "missing_lines": [96, 97, 98, 113, 114, 115, 116, 117, 118, 119, 121, 122, 123, 126, 127, 128, 129, 144, 146, 147, 148, 149, 156, 157, 159, 160, 164, 174, 175, 176, 177, 178, 179, 180, 181, 182, 183, 184, 185, 186, 187, 188, 189, 190, 191, 192, 203, 220, 222, 225, 226, 227, 235, 236, 237, 238, 239, 240, 242, 243, 247, 248, 249, 250, 251, 259, 260, 261, 282, 293, 294, 295, 314, 318, 329, 336, 338, 339, 340, 343, 344, 347, 348, 349, 350, 351, 354, 366, 375, 376, 381, 382, 383, 384, 388, 399, 400, 401, 416, 435, 438, 439, 440, 453, 454, 455, 456, 457, 458, 459, 460, 461, 464, 465, 466, 467, 468, 469, 470, 479, 480, 489, 490, 492, 493, 494, 495, 500, 503, 506, 507, 520, 521, 522, 523, 524, 525, 526, 527, 530, 531, 532, 533, 534, 545, 546, 547, 548, 549, 550, 551, 552, 553, 554, 557, 558, 559, 560, 561, 562, 563, 574, 575, 576, 577, 578, 579, 582, 583, 584, 585, 596, 597, 598, 599, 602, 603, 604, 605, 617, 618, 619, 622, 623, 624, 625, 631, 640, 644, 645, 646, 647, 648, 649, 650, 651, 652, 653, 654, 655, 656, 657, 659, 692, 693, 704, 705, 707, 708, 709, 710, 711, 713], "excluded_lines": [], "executed_branches": [[73, 74], [73, 75], [94, 100], [100, 101], [125, 130], [202, 204], [205, 208], [218, 219], [219, 221], [281, 287], [292, 299], [313, 315], [317, 319], [328, 330], [332, 356], [365, 370], [370, 372], [373, 379], [380, 389], [415, 417], [429, 430], [431, 432], [434, 441], [630, 639], [639, 642], [642, 643], [690, 691], [690, 701]], "missing_branches": [[94, 96], [100, 121], [114, 115], [114, 116], [116, 117], [116, 119], [121, 122], [121, 123], [125, 126], [126, 127], [126, 129], [146, 147], [146, 159], [148, 149], [148, 156], [159, 160], [159, 164], [177, 178], [177, 192], [178, 179], [178, 182], [180, 181], [180, 182], [182, 183], [182, 186], [184, 185], [184, 186], [186, 177], [186, 187], [188, 177], [188, 189], [202, 203], [205, 217], [218, 222], [219, 220], [227, 235], [227, 238], [236, 237], [236, 238], [238, 239], [238, 240], [240, 242], [240, 259], [242, 240], [242, 243], [247, 248], [247, 249], [249, 250], [249, 251], [259, 260], [259, 261], [281, 282], [292, 293], [293, 294], [293, 295], [313, 314], [317, 318], [328, 329], [332, 336], [338, 339], [338, 340], [343, 344], [343, 347], [348, 349], [348, 350], [350, 351], [350, 354], [365, 366], [370, 399], [373, 375], [380, 381], [381, 382], [381, 384], [415, 416], [429, 438], [431, 441], [434, 435], [439, 440], [439, 441], [453, 454], [453, 464], [455, 456], [455, 470], [456, 457], [456, 458], [460, 461], [460, 470], [465, 466], [465, 467], [468, 469], [468, 470], [489, 490], [489, 506], [490, 492], [490, 503], [494, 495], [494, 500], [520, 521], [520, 530], [522, 523], [522, 534], [524, 525], [524, 526], [531, 532], [531, 533], [545, 546], [545, 557], [547, 548], [547, 563], [549, 550], [549, 551], [553, 554], [553, 563], [558, 559], [558, 560], [561, 562], [561, 563], [574, 575], [574, 582], [576, 577], [576, 585], [578, 579], [578, 585], [583, 584], [583, 585], [596, 597], [596, 602], [598, 599], [598, 603], [603, 604], [603, 605], [617, 618], [617, 622], [623, 624], [623, 625], [630, 631], [639, 640], [642, 644], [644, 645], [644, 646], [646, 647], [646, 648], [648, 649], [648, 650], [650, 651], [650, 652], [652, 653], [652, 654], [654, 655], [654, 656], [656, 657], [656, 659], [708, 709], [708, 713]]}}}, "src/b2aiprep/cli.py": {"executed_lines": [1, 3, 5, 25, 26, 32, 33, 34, 35, 37, 42, 43, 44, 45, 47, 48, 49, 50, 51, 52, 53, 54, 55, 56, 57, 58, 60], "summary": {"covered_lines": 27, "num_statements": 28, "percent_covered": 93.33333333333333, "percent_covered_display": "93", "missing_lines": 1, "excluded_lines": 0, "num_branches": 2, "num_partial_branches": 1, "covered_branches": 1, "missing_branches": 1}, "missing_lines": [62], "excluded_lines": [], "executed_branches": [[60, -1]], "missing_branches": [[60, 62]], "functions": {"cli": {"executed_lines": [34, 35, 37], "summary": {"covered_lines": 3, "num_statements": 3, "percent_covered": 100.0, "percent_covered_display": "100", "missing_lines": 0, "excluded_lines": 0, "num_branches": 0, "num_partial_branches": 0, "covered_branches": 0, "missing_branches": 0}, "missing_lines": [], "excluded_lines": [], "executed_branches": [], "missing_branches": []}, "": {"executed_lines": [1, 3, 5, 25, 26, 32, 33, 42, 43, 44, 45, 47, 48, 49, 50, 51, 52, 53, 54, 55, 56, 57, 58, 60], "summary": {"covered_lines": 24, "num_statements": 25, "percent_covered": 92.5925925925926, "percent_covered_display": "93", "missing_lines": 1, "excluded_lines": 0, "num_branches": 2, "num_partial_branches": 1, "covered_branches": 1, "missing_branches": 1}, "missing_lines": [62], "excluded_lines": [], "executed_branches": [[60, -1]], "missing_branches": [[60, 62]]}}, "classes": {"": {"executed_lines": [1, 3, 5, 25, 26, 32, 33, 34, 35, 37, 42, 43, 44, 45, 47, 48, 49, 50, 51, 52, 53, 54, 55, 56, 57, 58, 60], "summary": {"covered_lines": 27, "num_statements": 28, "percent_covered": 93.33333333333333, "percent_covered_display": "93", "missing_lines": 1, "excluded_lines": 0, "num_branches": 2, "num_partial_branches": 1, "covered_branches": 1, "missing_branches": 1}, "missing_lines": [62], "excluded_lines": [], "executed_branches": [[60, -1]], "missing_branches": [[60, 62]]}}}, "src/b2aiprep/commands.py": {"executed_lines": [1, 3, 4, 5, 6, 7, 8, 9, 10, 11, 12, 13, 15, 16, 17, 18, 19, 20, 21, 22, 23, 24, 27, 32, 33, 36, 39, 40, 41, 42, 43, 44, 45, 47, 48, 49, 54, 64, 68, 71, 72, 73, 100, 101, 102, 108, 109, 133, 134, 136, 137, 138, 145, 146, 147, 148, 149, 150, 151, 152, 153, 154, 155, 156, 157, 158, 159, 160, 206, 207, 208, 209, 210, 211, 212, 213, 215, 228, 230, 232, 233, 234, 235, 236, 238, 241, 242, 243, 244, 245, 246, 247, 248, 249, 250, 251, 252, 253, 254, 255, 256, 291, 292, 293, 294, 295, 296, 300, 302, 316, 317, 319, 321, 322, 323, 324, 325, 327, 330, 331, 332, 333, 355, 357, 358, 361, 362, 364, 369, 370, 373, 378, 384, 385, 388, 389, 390, 391, 393, 395, 396, 397, 399, 404, 405, 406, 407, 410, 411, 417, 418, 423, 425, 426, 428, 430, 431, 432, 433, 436, 439, 440, 441, 442, 444, 447, 449, 450, 451, 452, 458, 459, 465, 468, 478, 498, 501, 502, 503, 515, 517, 518, 521, 524, 528, 529, 532, 535, 536, 537, 538, 539, 540, 542, 547, 548, 549, 550, 559, 561, 562, 565, 566, 568, 573, 574, 576, 577, 580, 581, 582, 583, 586, 587, 588, 589, 590, 591, 593, 597, 600, 601, 602, 604, 606, 613, 614, 615, 617, 623, 625, 626, 629, 631, 633, 634, 635, 637, 638, 641, 644, 645, 646, 648, 651, 652, 653, 656, 657, 658, 659, 676, 698, 699, 700, 701, 702, 703, 704, 705, 706, 707, 708, 741, 742, 762, 763, 764, 765, 766, 767, 768, 769, 777, 784, 785, 786, 787, 823, 824, 825, 826, 827, 828, 830, 933, 934, 935, 936, 937, 952, 960, 961, 962, 963, 964, 970, 994, 1005, 1006, 1007, 1008, 1027, 1028, 1030, 1033, 1036, 1038, 1039, 1041, 1044, 1045, 1046, 1047, 1063, 1064, 1067, 1068, 1070, 1071, 1072, 1073, 1074, 1080, 1083, 1084, 1086, 1089, 1090, 1091, 1092, 1093, 1094, 1114, 1115, 1117, 1120, 1122, 1123, 1124, 1125, 1126, 1127, 1128, 1129, 1131, 1132, 1133, 1134, 1135, 1136, 1137, 1138, 1139, 1151, 1152, 1154, 1155, 1157, 1158, 1159, 1162, 1163, 1164, 1165, 1175, 1177, 1178, 1179, 1180, 1182, 1184, 1186, 1187, 1189, 1192, 1194, 1195, 1197, 1199, 1204, 1205, 1208, 1209, 1210, 1211, 1221, 1222, 1225, 1228, 1242], "summary": {"covered_lines": 390, "num_statements": 504, "percent_covered": 73.47266881028939, "percent_covered_display": "73", "missing_lines": 114, "excluded_lines": 0, "num_branches": 118, "num_partial_branches": 25, "covered_branches": 67, "missing_branches": 51}, "missing_lines": [88, 89, 90, 92, 93, 94, 96, 97, 135, 298, 359, 365, 400, 408, 419, 420, 422, 541, 563, 569, 618, 743, 744, 745, 746, 747, 748, 751, 752, 753, 754, 755, 756, 757, 758, 759, 831, 832, 844, 845, 846, 847, 848, 849, 850, 851, 854, 855, 856, 857, 860, 861, 862, 863, 864, 866, 867, 868, 869, 871, 872, 873, 885, 886, 887, 900, 901, 902, 903, 904, 905, 907, 908, 909, 910, 911, 912, 913, 914, 915, 916, 917, 918, 920, 921, 922, 924, 926, 927, 928, 930, 953, 954, 955, 956, 957, 995, 996, 997, 998, 999, 1002, 1075, 1076, 1077, 1118, 1160, 1200, 1230, 1231, 1233, 1234, 1237, 1240], "excluded_lines": [], "executed_branches": [[134, 136], [136, 137], [206, 207], [209, 210], [228, 230], [232, 233], [292, 293], [317, 319], [321, 322], [358, 361], [364, 369], [396, 397], [396, 399], [399, 404], [405, 406], [405, 430], [407, 410], [418, 423], [425, 426], [425, 428], [449, 450], [449, 498], [450, 451], [450, 458], [528, -501], [528, 529], [539, 540], [539, 542], [540, 539], [562, 565], [568, 573], [590, 591], [590, 602], [614, 615], [614, 617], [617, 623], [626, 629], [626, 648], [824, 825], [824, 830], [826, 827], [1038, 1039], [1038, 1041], [1063, 1064], [1067, 1068], [1067, 1086], [1068, 1067], [1068, 1070], [1070, 1071], [1117, 1120], [1123, 1124], [1123, 1154], [1125, 1126], [1125, 1131], [1126, 1125], [1126, 1127], [1131, 1132], [1131, 1138], [1159, 1162], [1163, 1164], [1163, 1184], [1178, 1179], [1178, 1182], [1179, 1178], [1179, 1180], [1199, 1204], [1228, 1242]], "missing_branches": [[89, 90], [89, 92], [92, 93], [92, 94], [134, 135], [136, 138], [206, 208], [209, 213], [228, 232], [232, 238], [292, 298], [317, 321], [321, 327], [358, 359], [364, 365], [399, 400], [407, 408], [418, 419], [420, 422], [420, 423], [540, 541], [562, 563], [568, 569], [617, 618], [755, 756], [755, 757], [826, 828], [860, 861], [860, 862], [871, 872], [871, 885], [885, 886], [885, 900], [912, 913], [912, 918], [913, 914], [913, 916], [918, -762], [918, 920], [921, -920], [921, 922], [1063, 1067], [1070, 1068], [1117, 1118], [1159, 1160], [1199, 1200], [1228, 1230], [1230, 1228], [1230, 1231], [1231, 1230], [1231, 1233]], "functions": {"dashboard": {"executed_lines": [], "summary": {"covered_lines": 0, "num_statements": 8, "percent_covered": 0.0, "percent_covered_display": "0", "missing_lines": 8, "excluded_lines": 0, "num_branches": 4, "num_partial_branches": 0, "covered_branches": 0, "missing_branches": 4}, "missing_lines": [88, 89, 90, 92, 93, 94, 96, 97], "excluded_lines": [], "executed_branches": [], "missing_branches": [[89, 90], [89, 92], [92, 93], [92, 94]]}, "redcap2bids": {"executed_lines": [133, 134, 136, 137, 138], "summary": {"covered_lines": 5, "num_statements": 6, "percent_covered": 70.0, "percent_covered_display": "70", "missing_lines": 1, "excluded_lines": 0, "num_branches": 4, "num_partial_branches": 2, "covered_branches": 2, "missing_branches": 2}, "missing_lines": [135], "excluded_lines": [], "executed_branches": [[134, 136], [136, 137]], "missing_branches": [[134, 135], [136, 138]]}, "prepare_bids": {"executed_lines": [206, 207, 208, 209, 210, 211, 212, 213, 215, 228, 230, 232, 233, 234, 235, 236, 238], "summary": {"covered_lines": 17, "num_statements": 17, "percent_covered": 84.0, "percent_covered_display": "84", "missing_lines": 0, "excluded_lines": 0, "num_branches": 8, "num_partial_branches": 4, "covered_branches": 4, "missing_branches": 4}, "missing_lines": [], "excluded_lines": [], "executed_branches": [[206, 207], [209, 210], [228, 230], [232, 233]], "missing_branches": [[206, 208], [209, 213], [228, 232], [232, 238]]}, "generate_audio_features": {"executed_lines": [291, 292, 293, 294, 295, 296, 300, 302, 316, 317, 319, 321, 322, 323, 324, 325, 327], "summary": {"covered_lines": 17, "num_statements": 18, "percent_covered": 83.33333333333333, "percent_covered_display": "83", "missing_lines": 1, "excluded_lines": 0, "num_branches": 6, "num_partial_branches": 3, "covered_branches": 3, "missing_branches": 3}, "missing_lines": [298], "excluded_lines": [], "executed_branches": [[292, 293], [317, 319], [321, 322]], "missing_branches": [[292, 298], [317, 321], [321, 327]]}, "create_derived_dataset": {"executed_lines": [355, 357, 358, 361, 362, 364, 369, 370, 373, 378, 384, 385, 388, 389, 390, 391, 393, 395, 396, 397, 399, 404, 405, 406, 407, 410, 411, 417, 418, 423, 425, 426, 428, 430, 431, 432, 433, 436, 439, 440, 441, 442, 444, 447, 449, 450, 451, 452, 458, 459, 465, 468, 478, 498], "summary": {"covered_lines": 54, "num_statements": 61, "percent_covered": 83.13253012048193, "percent_covered_display": "83", "missing_lines": 7, "excluded_lines": 0, "num_branches": 22, "num_partial_branches": 5, "covered_branches": 15, "missing_branches": 7}, "missing_lines": [359, 365, 400, 408, 419, 420, 422], "excluded_lines": [], "executed_branches": [[358, 361], [364, 369], [396, 397], [396, 399], [399, 404], [405, 406], [405, 430], [407, 410], [418, 423], [425, 426], [425, 428], [449, 450], [449, 498], [450, 451], [450, 458]], "missing_branches": [[358, 359], [364, 365], [399, 400], [407, 408], [418, 419], [420, 422], [420, 423]]}, "validate_derived_dataset": {"executed_lines": [515, 517, 518, 521, 524, 528, 529, 532, 535, 536, 537, 538, 539, 540, 542], "summary": {"covered_lines": 15, "num_statements": 16, "percent_covered": 90.9090909090909, "percent_covered_display": "91", "missing_lines": 1, "excluded_lines": 0, "num_branches": 6, "num_partial_branches": 1, "covered_branches": 5, "missing_branches": 1}, "missing_lines": [541], "excluded_lines": [], "executed_branches": [[528, -501], [528, 529], [539, 540], [539, 542], [540, 539]], "missing_branches": [[540, 541]]}, "publish_bids_dataset": {"executed_lines": [559, 561, 562, 565, 566, 568, 573, 574, 576, 577, 580, 581, 582, 583, 586, 587, 588, 589, 590, 591, 593, 597, 600, 601, 602, 604, 606, 613, 614, 615, 617, 623, 625, 626, 629, 631, 633, 634, 635, 637, 638, 641, 644, 645, 646, 648, 651, 652, 653], "summary": {"covered_lines": 49, "num_statements": 52, "percent_covered": 90.625, "percent_covered_display": "91", "missing_lines": 3, "excluded_lines": 0, "num_branches": 12, "num_partial_branches": 3, "covered_branches": 9, "missing_branches": 3}, "missing_lines": [563, 569, 618], "excluded_lines": [], "executed_branches": [[562, 565], [568, 573], [590, 591], [590, 602], [614, 615], [614, 617], [617, 623], [626, 629], [626, 648]], "missing_branches": [[562, 563], [568, 569], [617, 618]]}, "validate": {"executed_lines": [676], "summary": {"covered_lines": 1, "num_statements": 1, "percent_covered": 100.0, "percent_covered_display": "100", "missing_lines": 0, "excluded_lines": 0, "num_branches": 0, "num_partial_branches": 0, "covered_branches": 0, "missing_branches": 0}, "missing_lines": [], "excluded_lines": [], "executed_branches": [], "missing_branches": []}, "convert": {"executed_lines": [741, 742], "summary": {"covered_lines": 2, "num_statements": 17, "percent_covered": 10.526315789473685, "percent_covered_display": "11", "missing_lines": 15, "excluded_lines": 0, "num_branches": 2, "num_partial_branches": 0, "covered_branches": 0, "missing_branches": 2}, "missing_lines": [743, 744, 745, 746, 747, 748, 751, 752, 753, 754, 755, 756, 757, 758, 759], "excluded_lines": [], "executed_branches": [], "missing_branches": [[755, 756], [755, 757]]}, "batchconvert": {"executed_lines": [823, 824, 825, 826, 827, 828, 830], "summary": {"covered_lines": 7, "num_statements": 41, "percent_covered": 18.181818181818183, "percent_covered_display": "18", "missing_lines": 34, "excluded_lines": 0, "num_branches": 14, "num_partial_branches": 1, "covered_branches": 3, "missing_branches": 11}, "missing_lines": [831, 832, 866, 867, 868, 869, 871, 872, 873, 885, 886, 887, 900, 901, 902, 903, 904, 905, 907, 908, 909, 910, 911, 912, 913, 914, 915, 916, 917, 918, 920, 924, 926, 930], "excluded_lines": [], "executed_branches": [[824, 825], [824, 830], [826, 827]], "missing_branches": [[826, 828], [871, 872], [871, 885], [885, 886], [885, 900], [912, 913], [912, 918], [913, 914], [913, 916], [918, -762], [918, 920]]}, "batchconvert.convert": {"executed_lines": [], "summary": {"covered_lines": 0, "num_statements": 17, "percent_covered": 0.0, "percent_covered_display": "0", "missing_lines": 17, "excluded_lines": 0, "num_branches": 2, "num_partial_branches": 0, "covered_branches": 0, "missing_branches": 2}, "missing_lines": [844, 845, 846, 847, 848, 849, 850, 851, 854, 855, 856, 857, 860, 861, 862, 863, 864], "excluded_lines": [], "executed_branches": [], "missing_branches": [[860, 861], [860, 862]]}, "batchconvert.gen": {"executed_lines": [], "summary": {"covered_lines": 0, "num_statements": 2, "percent_covered": 0.0, "percent_covered_display": "0", "missing_lines": 2, "excluded_lines": 0, "num_branches": 2, "num_partial_branches": 0, "covered_branches": 0, "missing_branches": 2}, "missing_lines": [921, 922], "excluded_lines": [], "executed_branches": [], "missing_branches": [[921, -920], [921, 922]]}, "batchconvert.to_hf_dataset": {"executed_lines": [], "summary": {"covered_lines": 0, "num_statements": 2, "percent_covered": 0.0, "percent_covered_display": "0", "missing_lines": 2, "excluded_lines": 0, "num_branches": 0, "num_partial_branches": 0, "covered_branches": 0, "missing_branches": 0}, "missing_lines": [927, 928], "excluded_lines": [], "executed_branches": [], "missing_branches": []}, "verify": {"executed_lines": [952], "summary": {"covered_lines": 1, "num_statements": 6, "percent_covered": 16.666666666666668, "percent_covered_display": "17", "missing_lines": 5, "excluded_lines": 0, "num_branches": 0, "num_partial_branches": 0, "covered_branches": 0, "missing_branches": 0}, "missing_lines": [953, 954, 955, 956, 957], "excluded_lines": [], "executed_branches": [], "missing_branches": []}, "transcribe": {"executed_lines": [994], "summary": {"covered_lines": 1, "num_statements": 7, "percent_covered": 14.285714285714286, "percent_covered_display": "14", "missing_lines": 6, "excluded_lines": 0, "num_branches": 0, "num_partial_branches": 0, "covered_branches": 0, "missing_branches": 0}, "missing_lines": [995, 996, 997, 998, 999, 1002], "excluded_lines": [], "executed_branches": [], "missing_branches": []}, "createbatchcsv": {"executed_lines": [1027, 1028, 1030, 1033, 1036, 1038, 1039, 1041], "summary": {"covered_lines": 8, "num_statements": 8, "percent_covered": 100.0, "percent_covered_display": "100", "missing_lines": 0, "excluded_lines": 0, "num_branches": 2, "num_partial_branches": 0, "covered_branches": 2, "missing_branches": 0}, "missing_lines": [], "excluded_lines": [], "executed_branches": [[1038, 1039], [1038, 1041]], "missing_branches": []}, "reproschema_audio_to_folder": {"executed_lines": [1063, 1064, 1067, 1068, 1070, 1071, 1072, 1073, 1074, 1080, 1083, 1084, 1086], "summary": {"covered_lines": 13, "num_statements": 16, "percent_covered": 79.16666666666667, "percent_covered_display": "79", "missing_lines": 3, "excluded_lines": 0, "num_branches": 8, "num_partial_branches": 2, "covered_branches": 6, "missing_branches": 2}, "missing_lines": [1075, 1076, 1077], "excluded_lines": [], "executed_branches": [[1063, 1064], [1067, 1068], [1067, 1086], [1068, 1067], [1068, 1070], [1070, 1071]], "missing_branches": [[1063, 1067], [1070, 1068]]}, "reproschema_to_redcap": {"executed_lines": [1114, 1115, 1117, 1120, 1122, 1123, 1124, 1125, 1126, 1127, 1128, 1129, 1131, 1132, 1133, 1134, 1135, 1136, 1137, 1138, 1139, 1151, 1152, 1154, 1155, 1157, 1158, 1159, 1162, 1163, 1164, 1165, 1175, 1177, 1178, 1179, 1180, 1182, 1184, 1186, 1187, 1189, 1192, 1194, 1195, 1197, 1199, 1204, 1205], "summary": {"covered_lines": 49, "num_statements": 52, "percent_covered": 91.66666666666667, "percent_covered_display": "92", "missing_lines": 3, "excluded_lines": 0, "num_branches": 20, "num_partial_branches": 3, "covered_branches": 17, "missing_branches": 3}, "missing_lines": [1118, 1160, 1200], "excluded_lines": [], "executed_branches": [[1117, 1120], [1123, 1124], [1123, 1154], [1125, 1126], [1125, 1131], [1126, 1125], [1126, 1127], [1131, 1132], [1131, 1138], [1159, 1162], [1163, 1164], [1163, 1184], [1178, 1179], [1178, 1182], [1179, 1178], [1179, 1180], [1199, 1204]], "missing_branches": [[1117, 1118], [1159, 1160], [1199, 1200]]}, "bids2shadow": {"executed_lines": [1221, 1222, 1225, 1228, 1242], "summary": {"covered_lines": 5, "num_statements": 11, "percent_covered": 35.294117647058826, "percent_covered_display": "35", "missing_lines": 6, "excluded_lines": 0, "num_branches": 6, "num_partial_branches": 1, "covered_branches": 1, "missing_branches": 5}, "missing_lines": [1230, 1231, 1233, 1234, 1237, 1240], "excluded_lines": [], "executed_branches": [[1228, 1242]], "missing_branches": [[1228, 1230], [1230, 1228], [1230, 1231], [1231, 1230], [1231, 1233]]}, "": {"executed_lines": [1, 3, 4, 5, 6, 7, 8, 9, 10, 11, 12, 13, 15, 16, 17, 18, 19, 20, 21, 22, 23, 24, 27, 32, 33, 36, 39, 40, 41, 42, 43, 44, 45, 47, 48, 49, 54, 64, 68, 71, 72, 73, 100, 101, 102, 108, 109, 145, 146, 147, 148, 149, 150, 151, 152, 153, 154, 155, 156, 157, 158, 159, 160, 241, 242, 243, 244, 245, 246, 247, 248, 249, 250, 251, 252, 253, 254, 255, 256, 330, 331, 332, 333, 501, 502, 503, 547, 548, 549, 550, 656, 657, 658, 659, 698, 699, 700, 701, 702, 703, 704, 705, 706, 707, 708, 762, 763, 764, 765, 766, 767, 768, 769, 777, 784, 785, 786, 787, 933, 934, 935, 936, 937, 960, 961, 962, 963, 964, 970, 1005, 1006, 1007, 1008, 1044, 1045, 1046, 1047, 1089, 1090, 1091, 1092, 1093, 1094, 1208, 1209, 1210, 1211], "summary": {"covered_lines": 146, "num_statements": 146, "percent_covered": 100.0, "percent_covered_display": "100", "missing_lines": 0, "excluded_lines": 0, "num_branches": 0, "num_partial_branches": 0, "covered_branches": 0, "missing_branches": 0}, "missing_lines": [], "excluded_lines": [], "executed_branches": [], "missing_branches": []}}, "classes": {"": {"executed_lines": [1, 3, 4, 5, 6, 7, 8, 9, 10, 11, 12, 13, 15, 16, 17, 18, 19, 20, 21, 22, 23, 24, 27, 32, 33, 36, 39, 40, 41, 42, 43, 44, 45, 47, 48, 49, 54, 64, 68, 71, 72, 73, 100, 101, 102, 108, 109, 133, 134, 136, 137, 138, 145, 146, 147, 148, 149, 150, 151, 152, 153, 154, 155, 156, 157, 158, 159, 160, 206, 207, 208, 209, 210, 211, 212, 213, 215, 228, 230, 232, 233, 234, 235, 236, 238, 241, 242, 243, 244, 245, 246, 247, 248, 249, 250, 251, 252, 253, 254, 255, 256, 291, 292, 293, 294, 295, 296, 300, 302, 316, 317, 319, 321, 322, 323, 324, 325, 327, 330, 331, 332, 333, 355, 357, 358, 361, 362, 364, 369, 370, 373, 378, 384, 385, 388, 389, 390, 391, 393, 395, 396, 397, 399, 404, 405, 406, 407, 410, 411, 417, 418, 423, 425, 426, 428, 430, 431, 432, 433, 436, 439, 440, 441, 442, 444, 447, 449, 450, 451, 452, 458, 459, 465, 468, 478, 498, 501, 502, 503, 515, 517, 518, 521, 524, 528, 529, 532, 535, 536, 537, 538, 539, 540, 542, 547, 548, 549, 550, 559, 561, 562, 565, 566, 568, 573, 574, 576, 577, 580, 581, 582, 583, 586, 587, 588, 589, 590, 591, 593, 597, 600, 601, 602, 604, 606, 613, 614, 615, 617, 623, 625, 626, 629, 631, 633, 634, 635, 637, 638, 641, 644, 645, 646, 648, 651, 652, 653, 656, 657, 658, 659, 676, 698, 699, 700, 701, 702, 703, 704, 705, 706, 707, 708, 741, 742, 762, 763, 764, 765, 766, 767, 768, 769, 777, 784, 785, 786, 787, 823, 824, 825, 826, 827, 828, 830, 933, 934, 935, 936, 937, 952, 960, 961, 962, 963, 964, 970, 994, 1005, 1006, 1007, 1008, 1027, 1028, 1030, 1033, 1036, 1038, 1039, 1041, 1044, 1045, 1046, 1047, 1063, 1064, 1067, 1068, 1070, 1071, 1072, 1073, 1074, 1080, 1083, 1084, 1086, 1089, 1090, 1091, 1092, 1093, 1094, 1114, 1115, 1117, 1120, 1122, 1123, 1124, 1125, 1126, 1127, 1128, 1129, 1131, 1132, 1133, 1134, 1135, 1136, 1137, 1138, 1139, 1151, 1152, 1154, 1155, 1157, 1158, 1159, 1162, 1163, 1164, 1165, 1175, 1177, 1178, 1179, 1180, 1182, 1184, 1186, 1187, 1189, 1192, 1194, 1195, 1197, 1199, 1204, 1205, 1208, 1209, 1210, 1211, 1221, 1222, 1225, 1228, 1242], "summary": {"covered_lines": 390, "num_statements": 504, "percent_covered": 73.47266881028939, "percent_covered_display": "73", "missing_lines": 114, "excluded_lines": 0, "num_branches": 118, "num_partial_branches": 25, "covered_branches": 67, "missing_branches": 51}, "missing_lines": [88, 89, 90, 92, 93, 94, 96, 97, 135, 298, 359, 365, 400, 408, 419, 420, 422, 541, 563, 569, 618, 743, 744, 745, 746, 747, 748, 751, 752, 753, 754, 755, 756, 757, 758, 759, 831, 832, 844, 845, 846, 847, 848, 849, 850, 851, 854, 855, 856, 857, 860, 861, 862, 863, 864, 866, 867, 868, 869, 871, 872, 873, 885, 886, 887, 900, 901, 902, 903, 904, 905, 907, 908, 909, 910, 911, 912, 913, 914, 915, 916, 917, 918, 920, 921, 922, 924, 926, 927, 928, 930, 953, 954, 955, 956, 957, 995, 996, 997, 998, 999, 1002, 1075, 1076, 1077, 1118, 1160, 1200, 1230, 1231, 1233, 1234, 1237, 1240], "excluded_lines": [], "executed_branches": [[134, 136], [136, 137], [206, 207], [209, 210], [228, 230], [232, 233], [292, 293], [317, 319], [321, 322], [358, 361], [364, 369], [396, 397], [396, 399], [399, 404], [405, 406], [405, 430], [407, 410], [418, 423], [425, 426], [425, 428], [449, 450], [449, 498], [450, 451], [450, 458], [528, -501], [528, 529], [539, 540], [539, 542], [540, 539], [562, 565], [568, 573], [590, 591], [590, 602], [614, 615], [614, 617], [617, 623], [626, 629], [626, 648], [824, 825], [824, 830], [826, 827], [1038, 1039], [1038, 1041], [1063, 1064], [1067, 1068], [1067, 1086], [1068, 1067], [1068, 1070], [1070, 1071], [1117, 1120], [1123, 1124], [1123, 1154], [1125, 1126], [1125, 1131], [1126, 1125], [1126, 1127], [1131, 1132], [1131, 1138], [1159, 1162], [1163, 1164], [1163, 1184], [1178, 1179], [1178, 1182], [1179, 1178], [1179, 1180], [1199, 1204], [1228, 1242]], "missing_branches": [[89, 90], [89, 92], [92, 93], [92, 94], [134, 135], [136, 138], [206, 208], [209, 213], [228, 232], [232, 238], [292, 298], [317, 321], [321, 327], [358, 359], [364, 365], [399, 400], [407, 408], [418, 419], [420, 422], [420, 423], [540, 541], [562, 563], [568, 569], [617, 618], [755, 756], [755, 757], [826, 828], [860, 861], [860, 862], [871, 872], [871, 885], [885, 886], [885, 900], [912, 913], [912, 918], [913, 914], [913, 916], [918, -762], [918, 920], [921, -920], [921, 922], [1063, 1067], [1070, 1068], [1117, 1118], [1159, 1160], [1199, 1200], [1228, 1230], [1230, 1228], [1230, 1231], [1231, 1230], [1231, 1233]]}}}, "src/b2aiprep/create_audio_files.py": {"executed_lines": [], "summary": {"covered_lines": 0, "num_statements": 12, "percent_covered": 0.0, "percent_covered_display": "0", "missing_lines": 12, "excluded_lines": 0, "num_branches": 4, "num_partial_branches": 0, "covered_branches": 0, "missing_branches": 4}, "missing_lines": [1, 2, 4, 5, 6, 8, 9, 10, 13, 14, 15, 50], "excluded_lines": [], "executed_branches": [], "missing_branches": [[5, 6], [5, 8], [8, -4], [8, 9]], "functions": {"copy_wav_file": {"executed_lines": [], "summary": {"covered_lines": 0, "num_statements": 5, "percent_covered": 0.0, "percent_covered_display": "0", "missing_lines": 5, "excluded_lines": 0, "num_branches": 4, "num_partial_branches": 0, "covered_branches": 0, "missing_branches": 4}, "missing_lines": [5, 6, 8, 9, 10], "excluded_lines": [], "executed_branches": [], "missing_branches": [[5, 6], [5, 8], [8, -4], [8, 9]]}, "": {"executed_lines": [], "summary": {"covered_lines": 0, "num_statements": 7, "percent_covered": 0.0, "percent_covered_display": "0", "missing_lines": 7, "excluded_lines": 0, "num_branches": 0, "num_partial_branches": 0, "covered_branches": 0, "missing_branches": 0}, "missing_lines": [1, 2, 4, 13, 14, 15, 50], "excluded_lines": [], "executed_branches": [], "missing_branches": []}}, "classes": {"": {"executed_lines": [], "summary": {"covered_lines": 0, "num_statements": 12, "percent_covered": 0.0, "percent_covered_display": "0", "missing_lines": 12, "excluded_lines": 0, "num_branches": 4, "num_partial_branches": 0, "covered_branches": 0, "missing_branches": 4}, "missing_lines": [1, 2, 4, 5, 6, 8, 9, 10, 13, 14, 15, 50], "excluded_lines": [], "executed_branches": [], "missing_branches": [[5, 6], [5, 8], [8, -4], [8, 9]]}}}, "src/b2aiprep/prepare/__init__.py": {"executed_lines": [1, 3], "summary": {"covered_lines": 2, "num_statements": 2, "percent_covered": 100.0, "percent_covered_display": "100", "missing_lines": 0, "excluded_lines": 0, "num_branches": 0, "num_partial_branches": 0, "covered_branches": 0, "missing_branches": 0}, "missing_lines": [], "excluded_lines": [], "executed_branches": [], "missing_branches": [], "functions": {"": {"executed_lines": [1, 3], "summary": {"covered_lines": 2, "num_statements": 2, "percent_covered": 100.0, "percent_covered_display": "100", "missing_lines": 0, "excluded_lines": 0, "num_branches": 0, "num_partial_branches": 0, "covered_branches": 0, "missing_branches": 0}, "missing_lines": [], "excluded_lines": [], "executed_branches": [], "missing_branches": []}}, "classes": {"": {"executed_lines": [1, 3], "summary": {"covered_lines": 2, "num_statements": 2, "percent_covered": 100.0, "percent_covered_display": "100", "missing_lines": 0, "excluded_lines": 0, "num_branches": 0, "num_partial_branches": 0, "covered_branches": 0, "missing_branches": 0}, "missing_lines": [], "excluded_lines": [], "executed_branches": [], "missing_branches": []}}}, "src/b2aiprep/prepare/bids.py": {"executed_lines": [1, 22, 23, 24, 25, 26, 27, 29, 30, 31, 32, 33, 35, 36, 37, 39, 40, 41, 42, 43, 46, 64, 67, 68, 69, 71, 72, 73, 76, 77, 78, 81, 82, 83, 86, 88, 95, 98, 114, 120, 131, 132, 133, 134, 144, 145, 146, 155, 164, 165, 166, 167, 168, 170, 173, 198, 199, 202, 203, 205, 206, 208, 209, 218, 219, 227, 228, 236, 237, 242, 253, 255, 256, 257, 258, 259, 265, 266, 267, 268, 271, 284, 287, 288, 290, 292, 298, 302, 325, 326, 327, 328, 329, 330, 331, 333, 335, 336, 337, 339, 341, 342, 345, 360, 363, 364, 367, 369, 374, 376, 379, 396, 397, 404, 407, 408, 411, 420, 421, 422, 423, 426, 438, 439, 440, 441, 445, 455, 456, 458, 459, 464, 465, 466, 468, 471, 472, 473, 474, 477, 478, 479, 480, 483, 484, 485, 487, 488, 494, 504, 507, 508, 514, 525, 528, 529, 530, 535, 543, 546, 548, 549, 552, 556, 558, 559, 560, 561, 564, 582, 583, 585, 587, 588, 589, 591, 594, 595, 598, 599, 602, 605, 608, 609, 611, 614, 616, 619, 637, 638, 641, 644, 646, 647, 650, 653, 679, 681, 692, 695, 697, 704, 714, 722, 723, 724, 725, 727, 728, 729, 754, 755, 756, 757, 760, 761, 762, 765, 766, 767, 768, 773, 775, 776, 779, 786, 787, 789, 796, 798, 799, 802, 811, 812, 813, 814, 815, 816, 817, 818, 819, 820, 821, 822, 823, 824, 825, 829, 830, 834], "summary": {"covered_lines": 249, "num_statements": 271, "percent_covered": 89.31297709923665, "percent_covered_display": "89", "missing_lines": 22, "excluded_lines": 0, "num_branches": 122, "num_partial_branches": 18, "covered_branches": 102, "missing_branches": 20}, "missing_lines": [135, 136, 138, 147, 148, 149, 150, 151, 152, 285, 332, 340, 361, 370, 405, 442, 536, 553, 596, 781, 791, 797], "excluded_lines": [], "executed_branches": [[67, 68], [67, 95], [69, 67], [69, 71], [71, 67], [71, 72], [73, 71], [73, 76], [76, 71], [76, 77], [77, 76], [77, 78], [82, 83], [82, 86], [133, 134], [167, 168], [167, 170], [205, 206], [205, 208], [208, 209], [208, 218], [218, 219], [218, 227], [227, 228], [227, 236], [236, 237], [258, 259], [258, 268], [266, 267], [266, 268], [284, 287], [326, 327], [329, 330], [331, 333], [339, 341], [360, 363], [363, 364], [363, 369], [369, 374], [404, 407], [407, -379], [407, 408], [438, 439], [440, 438], [440, 441], [458, 459], [458, 464], [471, 472], [471, 558], [479, 480], [483, 471], [483, 484], [484, 485], [484, 487], [507, 483], [507, 508], [525, 507], [525, 528], [529, 530], [529, 535], [535, 543], [552, 556], [558, 559], [558, 560], [588, 589], [588, 591], [595, 598], [598, 599], [598, 602], [608, 609], [608, 611], [637, 638], [637, 641], [644, -619], [644, 646], [646, 644], [646, 647], [724, 725], [724, 754], [760, 761], [760, 765], [766, 767], [766, 796], [773, 766], [773, 775], [779, 786], [786, 773], [786, 787], [787, 789], [796, 798], [798, -653], [798, 799], [814, 815], [814, 824], [819, 820], [819, 821], [822, 814], [822, 823], [824, 825], [824, 829], [829, 830], [829, 834]], "missing_branches": [[133, 135], [135, 136], [135, 138], [236, -173], [284, 285], [326, 329], [329, 335], [331, 332], [339, 340], [360, 361], [369, 370], [404, 405], [438, 442], [479, 483], [535, 536], [552, 553], [595, 596], [779, 781], [787, 791], [796, 797]], "functions": {"get_paths": {"executed_lines": [64, 67, 68, 69, 71, 72, 73, 76, 77, 78, 81, 82, 83, 86, 88, 95], "summary": {"covered_lines": 16, "num_statements": 16, "percent_covered": 100.0, "percent_covered_display": "100", "missing_lines": 0, "excluded_lines": 0, "num_branches": 14, "num_partial_branches": 0, "covered_branches": 14, "missing_branches": 0}, "missing_lines": [], "excluded_lines": [], "executed_branches": [[67, 68], [67, 95], [69, 67], [69, 71], [71, 67], [71, 72], [73, 71], [73, 76], [76, 71], [76, 77], [77, 76], [77, 78], [82, 83], [82, 86]], "missing_branches": []}, "get_audio_paths": {"executed_lines": [114], "summary": {"covered_lines": 1, "num_statements": 1, "percent_covered": 100.0, "percent_covered_display": "100", "missing_lines": 0, "excluded_lines": 0, "num_branches": 0, "num_partial_branches": 0, "covered_branches": 0, "missing_branches": 0}, "missing_lines": [], "excluded_lines": [], "executed_branches": [], "missing_branches": []}, "load_redcap_csv": {"executed_lines": [131, 132, 133, 134, 144, 145, 146], "summary": {"covered_lines": 7, "num_statements": 16, "percent_covered": 40.0, "percent_covered_display": "40", "missing_lines": 9, "excluded_lines": 0, "num_branches": 4, "num_partial_branches": 1, "covered_branches": 1, "missing_branches": 3}, "missing_lines": [135, 136, 138, 147, 148, 149, 150, 151, 152], "excluded_lines": [], "executed_branches": [[133, 134]], "missing_branches": [[133, 135], [135, 136], [135, 138]]}, "insert_missing_columns": {"executed_lines": [164, 165, 166, 167, 168, 170], "summary": {"covered_lines": 6, "num_statements": 6, "percent_covered": 100.0, "percent_covered_display": "100", "missing_lines": 0, "excluded_lines": 0, "num_branches": 2, "num_partial_branches": 0, "covered_branches": 2, "missing_branches": 0}, "missing_lines": [], "excluded_lines": [], "executed_branches": [[167, 168], [167, 170]], "missing_branches": []}, "validate_redcap_df_column_names": {"executed_lines": [198, 199, 202, 203, 205, 206, 208, 209, 218, 219, 227, 228, 236, 237], "summary": {"covered_lines": 14, "num_statements": 14, "percent_covered": 95.83333333333333, "percent_covered_display": "96", "missing_lines": 0, "excluded_lines": 0, "num_branches": 10, "num_partial_branches": 1, "covered_branches": 9, "missing_branches": 1}, "missing_lines": [], "excluded_lines": [], "executed_branches": [[205, 206], [205, 208], [208, 209], [208, 218], [218, 219], [218, 227], [227, 228], [227, 236], [236, 237]], "missing_branches": [[236, -173]]}, "get_df_of_repeat_instrument": {"executed_lines": [253, 255, 256, 257, 258, 259, 265, 266, 267, 268], "summary": {"covered_lines": 10, "num_statements": 10, "percent_covered": 100.0, "percent_covered_display": "100", "missing_lines": 0, "excluded_lines": 0, "num_branches": 4, "num_partial_branches": 0, "covered_branches": 4, "missing_branches": 0}, "missing_lines": [], "excluded_lines": [], "executed_branches": [[258, 259], [258, 268], [266, 267], [266, 268]], "missing_branches": []}, "get_recordings_for_acoustic_task": {"executed_lines": [284, 287, 288, 290, 292, 298], "summary": {"covered_lines": 6, "num_statements": 7, "percent_covered": 77.77777777777777, "percent_covered_display": "78", "missing_lines": 1, "excluded_lines": 0, "num_branches": 2, "num_partial_branches": 1, "covered_branches": 1, "missing_branches": 1}, "missing_lines": [285], "excluded_lines": [], "executed_branches": [[284, 287]], "missing_branches": [[284, 285]]}, "write_pydantic_model_to_bids_file": {"executed_lines": [325, 326, 327, 328, 329, 330, 331, 333, 335, 336, 337, 339, 341, 342], "summary": {"covered_lines": 14, "num_statements": 16, "percent_covered": 75.0, "percent_covered_display": "75", "missing_lines": 2, "excluded_lines": 0, "num_branches": 8, "num_partial_branches": 4, "covered_branches": 4, "missing_branches": 4}, "missing_lines": [332, 340], "excluded_lines": [], "executed_branches": [[326, 327], [329, 330], [331, 333], [339, 341]], "missing_branches": [[326, 329], [329, 335], [331, 332], [339, 340]]}, "_df_to_dict": {"executed_lines": [360, 363, 364, 367, 369, 374, 376], "summary": {"covered_lines": 7, "num_statements": 9, "percent_covered": 73.33333333333333, "percent_covered_display": "73", "missing_lines": 2, "excluded_lines": 0, "num_branches": 6, "num_partial_branches": 2, "covered_branches": 4, "missing_branches": 2}, "missing_lines": [361, 370], "excluded_lines": [], "executed_branches": [[360, 363], [363, 364], [363, 369], [369, 374]], "missing_branches": [[360, 361], [369, 370]]}, "create_file_dir": {"executed_lines": [396, 397, 404, 407, 408], "summary": {"covered_lines": 5, "num_statements": 6, "percent_covered": 80.0, "percent_covered_display": "80", "missing_lines": 1, "excluded_lines": 0, "num_branches": 4, "num_partial_branches": 1, "covered_branches": 3, "missing_branches": 1}, "missing_lines": [405], "excluded_lines": [], "executed_branches": [[404, 407], [407, -379], [407, 408]], "missing_branches": [[404, 405]]}, "questionnaire_mapping": {"executed_lines": [420, 421, 422, 423], "summary": {"covered_lines": 4, "num_statements": 4, "percent_covered": 100.0, "percent_covered_display": "100", "missing_lines": 0, "excluded_lines": 0, "num_branches": 0, "num_partial_branches": 0, "covered_branches": 0, "missing_branches": 0}, "missing_lines": [], "excluded_lines": [], "executed_branches": [], "missing_branches": []}, "get_instrument_for_name": {"executed_lines": [438, 439, 440, 441], "summary": {"covered_lines": 4, "num_statements": 5, "percent_covered": 77.77777777777777, "percent_covered_display": "78", "missing_lines": 1, "excluded_lines": 0, "num_branches": 4, "num_partial_branches": 1, "covered_branches": 3, "missing_branches": 1}, "missing_lines": [442], "excluded_lines": [], "executed_branches": [[438, 439], [440, 438], [440, 441]], "missing_branches": [[438, 442]]}, "output_participant_data_to_fhir": {"executed_lines": [455, 456, 458, 459, 464, 465, 466, 468, 471, 472, 473, 474, 477, 478, 479, 480, 483, 484, 485, 487, 488, 494, 504, 507, 508, 514, 525, 528, 529, 530, 535, 543, 546, 548, 549, 552, 556, 558, 559, 560, 561], "summary": {"covered_lines": 41, "num_statements": 43, "percent_covered": 92.3076923076923, "percent_covered_display": "92", "missing_lines": 2, "excluded_lines": 0, "num_branches": 22, "num_partial_branches": 3, "covered_branches": 19, "missing_branches": 3}, "missing_lines": [536, 553], "excluded_lines": [], "executed_branches": [[458, 459], [458, 464], [471, 472], [471, 558], [479, 480], [483, 471], [483, 484], [484, 485], [484, 487], [507, 483], [507, 508], [525, 507], [525, 528], [529, 530], [529, 535], [535, 543], [552, 556], [558, 559], [558, 560]], "missing_branches": [[479, 483], [535, 536], [552, 553]]}, "construct_tsv_from_json": {"executed_lines": [582, 583, 585, 587, 588, 589, 591, 594, 595, 598, 599, 602, 605, 608, 609, 611, 614, 616], "summary": {"covered_lines": 18, "num_statements": 19, "percent_covered": 92.5925925925926, "percent_covered_display": "93", "missing_lines": 1, "excluded_lines": 0, "num_branches": 8, "num_partial_branches": 1, "covered_branches": 7, "missing_branches": 1}, "missing_lines": [596], "excluded_lines": [], "executed_branches": [[588, 589], [588, 591], [595, 598], [598, 599], [598, 602], [608, 609], [608, 611]], "missing_branches": [[595, 596]]}, "construct_all_tsvs_from_jsons": {"executed_lines": [637, 638, 641, 644, 646, 647, 650], "summary": {"covered_lines": 7, "num_statements": 7, "percent_covered": 100.0, "percent_covered_display": "100", "missing_lines": 0, "excluded_lines": 0, "num_branches": 6, "num_partial_branches": 0, "covered_branches": 6, "missing_branches": 0}, "missing_lines": [], "excluded_lines": [], "executed_branches": [[637, 638], [637, 641], [644, -619], [644, 646], [646, 644], [646, 647]], "missing_branches": []}, "redcap_to_bids": {"executed_lines": [679, 681, 692, 695, 697, 704, 714, 722, 723, 724, 725, 727, 728, 729, 754, 755, 756, 757, 760, 761, 762, 765, 766, 767, 768, 773, 775, 776, 779, 786, 787, 789, 796, 798, 799], "summary": {"covered_lines": 35, "num_statements": 38, "percent_covered": 89.28571428571429, "percent_covered_display": "89", "missing_lines": 3, "excluded_lines": 0, "num_branches": 18, "num_partial_branches": 3, "covered_branches": 15, "missing_branches": 3}, "missing_lines": [781, 791, 797], "excluded_lines": [], "executed_branches": [[724, 725], [724, 754], [760, 761], [760, 765], [766, 767], [766, 796], [773, 766], [773, 775], [779, 786], [786, 773], [786, 787], [787, 789], [796, 798], [798, -653], [798, 799]], "missing_branches": [[779, 781], [787, 791], [796, 797]]}, "validate_bids_folder": {"executed_lines": [811, 812, 813, 814, 815, 816, 817, 818, 819, 820, 821, 822, 823, 824, 825, 829, 830, 834], "summary": {"covered_lines": 18, "num_statements": 18, "percent_covered": 100.0, "percent_covered_display": "100", "missing_lines": 0, "excluded_lines": 0, "num_branches": 10, "num_partial_branches": 0, "covered_branches": 10, "missing_branches": 0}, "missing_lines": [], "excluded_lines": [], "executed_branches": [[814, 815], [814, 824], [819, 820], [819, 821], [822, 814], [822, 823], [824, 825], [824, 829], [829, 830], [829, 834]], "missing_branches": []}, "": {"executed_lines": [1, 22, 23, 24, 25, 26, 27, 29, 30, 31, 32, 33, 35, 36, 37, 39, 40, 41, 42, 43, 46, 98, 120, 155, 173, 242, 271, 302, 345, 379, 411, 426, 445, 564, 619, 653, 802], "summary": {"covered_lines": 36, "num_statements": 36, "percent_covered": 100.0, "percent_covered_display": "100", "missing_lines": 0, "excluded_lines": 0, "num_branches": 0, "num_partial_branches": 0, "covered_branches": 0, "missing_branches": 0}, "missing_lines": [], "excluded_lines": [], "executed_branches": [], "missing_branches": []}}, "classes": {"": {"executed_lines": [1, 22, 23, 24, 25, 26, 27, 29, 30, 31, 32, 33, 35, 36, 37, 39, 40, 41, 42, 43, 46, 64, 67, 68, 69, 71, 72, 73, 76, 77, 78, 81, 82, 83, 86, 88, 95, 98, 114, 120, 131, 132, 133, 134, 144, 145, 146, 155, 164, 165, 166, 167, 168, 170, 173, 198, 199, 202, 203, 205, 206, 208, 209, 218, 219, 227, 228, 236, 237, 242, 253, 255, 256, 257, 258, 259, 265, 266, 267, 268, 271, 284, 287, 288, 290, 292, 298, 302, 325, 326, 327, 328, 329, 330, 331, 333, 335, 336, 337, 339, 341, 342, 345, 360, 363, 364, 367, 369, 374, 376, 379, 396, 397, 404, 407, 408, 411, 420, 421, 422, 423, 426, 438, 439, 440, 441, 445, 455, 456, 458, 459, 464, 465, 466, 468, 471, 472, 473, 474, 477, 478, 479, 480, 483, 484, 485, 487, 488, 494, 504, 507, 508, 514, 525, 528, 529, 530, 535, 543, 546, 548, 549, 552, 556, 558, 559, 560, 561, 564, 582, 583, 585, 587, 588, 589, 591, 594, 595, 598, 599, 602, 605, 608, 609, 611, 614, 616, 619, 637, 638, 641, 644, 646, 647, 650, 653, 679, 681, 692, 695, 697, 704, 714, 722, 723, 724, 725, 727, 728, 729, 754, 755, 756, 757, 760, 761, 762, 765, 766, 767, 768, 773, 775, 776, 779, 786, 787, 789, 796, 798, 799, 802, 811, 812, 813, 814, 815, 816, 817, 818, 819, 820, 821, 822, 823, 824, 825, 829, 830, 834], "summary": {"covered_lines": 249, "num_statements": 271, "percent_covered": 89.31297709923665, "percent_covered_display": "89", "missing_lines": 22, "excluded_lines": 0, "num_branches": 122, "num_partial_branches": 18, "covered_branches": 102, "missing_branches": 20}, "missing_lines": [135, 136, 138, 147, 148, 149, 150, 151, 152, 285, 332, 340, 361, 370, 405, 442, 536, 553, 596, 781, 791, 797], "excluded_lines": [], "executed_branches": [[67, 68], [67, 95], [69, 67], [69, 71], [71, 67], [71, 72], [73, 71], [73, 76], [76, 71], [76, 77], [77, 76], [77, 78], [82, 83], [82, 86], [133, 134], [167, 168], [167, 170], [205, 206], [205, 208], [208, 209], [208, 218], [218, 219], [218, 227], [227, 228], [227, 236], [236, 237], [258, 259], [258, 268], [266, 267], [266, 268], [284, 287], [326, 327], [329, 330], [331, 333], [339, 341], [360, 363], [363, 364], [363, 369], [369, 374], [404, 407], [407, -379], [407, 408], [438, 439], [440, 438], [440, 441], [458, 459], [458, 464], [471, 472], [471, 558], [479, 480], [483, 471], [483, 484], [484, 485], [484, 487], [507, 483], [507, 508], [525, 507], [525, 528], [529, 530], [529, 535], [535, 543], [552, 556], [558, 559], [558, 560], [588, 589], [588, 591], [595, 598], [598, 599], [598, 602], [608, 609], [608, 611], [637, 638], [637, 641], [644, -619], [644, 646], [646, 644], [646, 647], [724, 725], [724, 754], [760, 761], [760, 765], [766, 767], [766, 796], [773, 766], [773, 775], [779, 786], [786, 773], [786, 787], [787, 789], [796, 798], [798, -653], [798, 799], [814, 815], [814, 824], [819, 820], [819, 821], [822, 814], [822, 823], [824, 825], [824, 829], [829, 830], [829, 834]], "missing_branches": [[133, 135], [135, 136], [135, 138], [236, -173], [284, 285], [326, 329], [329, 335], [331, 332], [339, 340], [360, 361], [369, 370], [404, 405], [438, 442], [479, 483], [535, 536], [552, 553], [595, 596], [779, 781], [787, 791], [796, 797]]}}}, "src/b2aiprep/prepare/constants.py": {"executed_lines": [1, 2, 3, 4, 6, 8, 15, 16, 23, 31, 41, 47, 54, 63, 86, 109, 125, 133, 134, 136, 138, 140, 148, 149, 150, 153, 155, 156, 159, 160, 161, 162, 163, 165, 166, 167, 168, 169, 171, 184, 187, 189, 202, 203, 204, 205, 206, 208, 209, 211, 214, 216, 222, 228, 234, 240, 246, 252, 258, 264, 270, 276, 282, 288, 294, 300, 306, 312, 319, 326, 333, 340, 347, 354, 361, 368, 375, 382, 389, 397, 400, 406, 412, 418, 424, 430, 436, 442, 448, 454, 460, 466, 472, 478, 484, 490, 496, 502, 508, 514, 520, 528, 560], "summary": {"covered_lines": 102, "num_statements": 104, "percent_covered": 95.6140350877193, "percent_covered_display": "96", "missing_lines": 2, "excluded_lines": 0, "num_branches": 10, "num_partial_branches": 3, "covered_branches": 7, "missing_branches": 3}, "missing_lines": [135, 151], "excluded_lines": [], "executed_branches": [[134, 136], [149, 150], [167, 168], [167, 169], [203, 204], [204, 205], [204, 206]], "missing_branches": [[134, 135], [149, 151], [203, 206]], "functions": {"_load_participant_exclusions": {"executed_lines": [133, 134, 136], "summary": {"covered_lines": 3, "num_statements": 4, "percent_covered": 66.66666666666667, "percent_covered_display": "67", "missing_lines": 1, "excluded_lines": 0, "num_branches": 2, "num_partial_branches": 1, "covered_branches": 1, "missing_branches": 1}, "missing_lines": [135], "excluded_lines": [], "executed_branches": [[134, 136]], "missing_branches": [[134, 135]]}, "_load_audio_filestem_exclusions": {"executed_lines": [148, 149, 150], "summary": {"covered_lines": 3, "num_statements": 4, "percent_covered": 66.66666666666667, "percent_covered_display": "67", "missing_lines": 1, "excluded_lines": 0, "num_branches": 2, "num_partial_branches": 1, "covered_branches": 1, "missing_branches": 1}, "missing_lines": [151], "excluded_lines": [], "executed_branches": [[149, 150]], "missing_branches": [[149, 151]]}, "Instrument.columns": {"executed_lines": [167, 168, 169], "summary": {"covered_lines": 3, "num_statements": 3, "percent_covered": 100.0, "percent_covered_display": "100", "missing_lines": 0, "excluded_lines": 0, "num_branches": 2, "num_partial_branches": 0, "covered_branches": 2, "missing_branches": 0}, "missing_lines": [], "excluded_lines": [], "executed_branches": [[167, 168], [167, 169]], "missing_branches": []}, "Instrument._load_instrument_columns": {"executed_lines": [184, 187], "summary": {"covered_lines": 2, "num_statements": 2, "percent_covered": 100.0, "percent_covered_display": "100", "missing_lines": 0, "excluded_lines": 0, "num_branches": 0, "num_partial_branches": 0, "covered_branches": 0, "missing_branches": 0}, "missing_lines": [], "excluded_lines": [], "executed_branches": [], "missing_branches": []}, "Instrument.get_columns": {"executed_lines": [202, 203, 204, 205, 206], "summary": {"covered_lines": 5, "num_statements": 5, "percent_covered": 88.88888888888889, "percent_covered_display": "89", "missing_lines": 0, "excluded_lines": 0, "num_branches": 4, "num_partial_branches": 1, "covered_branches": 3, "missing_branches": 1}, "missing_lines": [], "excluded_lines": [], "executed_branches": [[203, 204], [204, 205], [204, 206]], "missing_branches": [[203, 206]]}, "Instrument.__init__": {"executed_lines": [209, 211], "summary": {"covered_lines": 2, "num_statements": 2, "percent_covered": 100.0, "percent_covered_display": "100", "missing_lines": 0, "excluded_lines": 0, "num_branches": 0, "num_partial_branches": 0, "covered_branches": 0, "missing_branches": 0}, "missing_lines": [], "excluded_lines": [], "executed_branches": [], "missing_branches": []}, "": {"executed_lines": [1, 2, 3, 4, 6, 8, 15, 16, 23, 31, 41, 47, 54, 63, 86, 109, 125, 138, 140, 153, 155, 156, 159, 160, 161, 162, 163, 165, 166, 171, 189, 208, 214, 216, 222, 228, 234, 240, 246, 252, 258, 264, 270, 276, 282, 288, 294, 300, 306, 312, 319, 326, 333, 340, 347, 354, 361, 368, 375, 382, 389, 397, 400, 406, 412, 418, 424, 430, 436, 442, 448, 454, 460, 466, 472, 478, 484, 490, 496, 502, 508, 514, 520, 528, 560], "summary": {"covered_lines": 84, "num_statements": 84, "percent_covered": 100.0, "percent_covered_display": "100", "missing_lines": 0, "excluded_lines": 0, "num_branches": 0, "num_partial_branches": 0, "covered_branches": 0, "missing_branches": 0}, "missing_lines": [], "excluded_lines": [], "executed_branches": [], "missing_branches": []}}, "classes": {"Instrument": {"executed_lines": [167, 168, 169, 184, 187, 202, 203, 204, 205, 206, 209, 211], "summary": {"covered_lines": 12, "num_statements": 12, "percent_covered": 94.44444444444444, "percent_covered_display": "94", "missing_lines": 0, "excluded_lines": 0, "num_branches": 6, "num_partial_branches": 1, "covered_branches": 5, "missing_branches": 1}, "missing_lines": [], "excluded_lines": [], "executed_branches": [[167, 168], [167, 169], [203, 204], [204, 205], [204, 206]], "missing_branches": [[203, 206]]}, "RepeatInstrument": {"executed_lines": [], "summary": {"covered_lines": 0, "num_statements": 0, "percent_covered": 100.0, "percent_covered_display": "100", "missing_lines": 0, "excluded_lines": 0, "num_branches": 0, "num_partial_branches": 0, "covered_branches": 0, "missing_branches": 0}, "missing_lines": [], "excluded_lines": [], "executed_branches": [], "missing_branches": []}, "": {"executed_lines": [1, 2, 3, 4, 6, 8, 15, 16, 23, 31, 41, 47, 54, 63, 86, 109, 125, 133, 134, 136, 138, 140, 148, 149, 150, 153, 155, 156, 159, 160, 161, 162, 163, 165, 166, 171, 189, 208, 214, 216, 222, 228, 234, 240, 246, 252, 258, 264, 270, 276, 282, 288, 294, 300, 306, 312, 319, 326, 333, 340, 347, 354, 361, 368, 375, 382, 389, 397, 400, 406, 412, 418, 424, 430, 436, 442, 448, 454, 460, 466, 472, 478, 484, 490, 496, 502, 508, 514, 520, 528, 560], "summary": {"covered_lines": 90, "num_statements": 92, "percent_covered": 95.83333333333333, "percent_covered_display": "96", "missing_lines": 2, "excluded_lines": 0, "num_branches": 4, "num_partial_branches": 2, "covered_branches": 2, "missing_branches": 2}, "missing_lines": [135, 151], "excluded_lines": [], "executed_branches": [[134, 136], [149, 150]], "missing_branches": [[134, 135], [149, 151]]}}}, "src/b2aiprep/prepare/dataset.py": {"executed_lines": [], "summary": {"covered_lines": 0, "num_statements": 215, "percent_covered": 0.0, "percent_covered_display": "0", "missing_lines": 215, "excluded_lines": 0, "num_branches": 74, "num_partial_branches": 0, "covered_branches": 0, "missing_branches": 74}, "missing_lines": [19, 20, 21, 22, 23, 24, 26, 27, 28, 29, 30, 31, 32, 35, 36, 37, 39, 53, 54, 55, 56, 58, 72, 73, 74, 75, 76, 78, 94, 95, 96, 97, 98, 100, 109, 110, 111, 112, 114, 128, 129, 130, 131, 132, 134, 150, 151, 152, 153, 154, 155, 156, 158, 167, 168, 170, 171, 172, 173, 175, 176, 177, 178, 179, 180, 182, 196, 198, 213, 214, 216, 231, 232, 234, 249, 250, 251, 252, 253, 254, 255, 256, 257, 259, 260, 261, 262, 269, 276, 278, 294, 295, 296, 297, 298, 300, 316, 317, 318, 319, 320, 322, 338, 341, 342, 343, 344, 347, 352, 353, 355, 374, 387, 388, 389, 392, 393, 395, 405, 408, 409, 411, 412, 413, 414, 416, 417, 418, 421, 427, 428, 429, 430, 431, 432, 436, 439, 442, 443, 444, 446, 447, 449, 451, 459, 460, 462, 468, 470, 484, 485, 486, 487, 492, 494, 495, 496, 497, 499, 505, 507, 515, 516, 517, 518, 521, 522, 523, 524, 525, 531, 532, 533, 535, 536, 538, 539, 543, 545, 547, 548, 549, 550, 553, 554, 555, 556, 557, 563, 564, 565, 566, 568, 569, 571, 572, 576, 578, 594, 596, 597, 598, 599, 600, 601, 603, 604, 605, 606, 608, 609, 613, 614, 616, 617], "excluded_lines": [], "executed_branches": [], "missing_branches": [[54, 55], [54, 56], [74, 75], [74, 76], [96, 97], [96, 98], [110, 111], [110, 112], [130, 131], [130, 132], [153, 154], [153, 156], [168, 170], [168, 180], [170, 171], [170, 172], [172, 173], [172, 175], [175, 168], [175, 176], [177, 175], [177, 178], [178, 175], [178, 179], [252, 253], [252, 256], [253, 252], [253, 254], [256, 257], [256, 259], [260, 261], [260, 276], [261, 262], [261, 269], [296, 297], [296, 298], [318, 319], [318, 320], [342, 343], [342, 344], [387, 388], [387, 393], [409, 411], [409, 416], [416, 417], [416, 421], [430, 431], [430, 436], [431, 430], [431, 432], [442, 443], [442, 449], [486, 487], [486, 492], [518, 521], [518, 538], [538, 539], [538, 543], [550, 553], [550, 571], [571, 572], [571, 576], [597, 598], [597, 616], [599, 597], [599, 600], [601, 599], [601, 603], [603, 604], [603, 605], [605, 606], [605, 608], [613, 601], [613, 614]], "functions": {"BIDSDataset.__init__": {"executed_lines": [], "summary": {"covered_lines": 0, "num_statements": 1, "percent_covered": 0.0, "percent_covered_display": "0", "missing_lines": 1, "excluded_lines": 0, "num_branches": 0, "num_partial_branches": 0, "covered_branches": 0, "missing_branches": 0}, "missing_lines": [37], "excluded_lines": [], "executed_branches": [], "missing_branches": []}, "BIDSDataset.find_questionnaires": {"executed_lines": [], "summary": {"covered_lines": 0, "num_statements": 4, "percent_covered": 0.0, "percent_covered_display": "0", "missing_lines": 4, "excluded_lines": 0, "num_branches": 2, "num_partial_branches": 0, "covered_branches": 0, "missing_branches": 2}, "missing_lines": [53, 54, 55, 56], "excluded_lines": [], "executed_branches": [], "missing_branches": [[54, 55], [54, 56]]}, "BIDSDataset.find_subject_questionnaires": {"executed_lines": [], "summary": {"covered_lines": 0, "num_statements": 5, "percent_covered": 0.0, "percent_covered_display": "0", "missing_lines": 5, "excluded_lines": 0, "num_branches": 2, "num_partial_branches": 0, "covered_branches": 0, "missing_branches": 2}, "missing_lines": [72, 73, 74, 75, 76], "excluded_lines": [], "executed_branches": [], "missing_branches": [[74, 75], [74, 76]]}, "BIDSDataset.find_session_questionnaires": {"executed_lines": [], "summary": {"covered_lines": 0, "num_statements": 5, "percent_covered": 0.0, "percent_covered_display": "0", "missing_lines": 5, "excluded_lines": 0, "num_branches": 2, "num_partial_branches": 0, "covered_branches": 0, "missing_branches": 2}, "missing_lines": [94, 95, 96, 97, 98], "excluded_lines": [], "executed_branches": [], "missing_branches": [[96, 97], [96, 98]]}, "BIDSDataset.find_subjects": {"executed_lines": [], "summary": {"covered_lines": 0, "num_statements": 4, "percent_covered": 0.0, "percent_covered_display": "0", "missing_lines": 4, "excluded_lines": 0, "num_branches": 2, "num_partial_branches": 0, "covered_branches": 0, "missing_branches": 2}, "missing_lines": [109, 110, 111, 112], "excluded_lines": [], "executed_branches": [], "missing_branches": [[110, 111], [110, 112]]}, "BIDSDataset.find_sessions": {"executed_lines": [], "summary": {"covered_lines": 0, "num_statements": 5, "percent_covered": 0.0, "percent_covered_display": "0", "missing_lines": 5, "excluded_lines": 0, "num_branches": 2, "num_partial_branches": 0, "covered_branches": 0, "missing_branches": 2}, "missing_lines": [128, 129, 130, 131, 132], "excluded_lines": [], "executed_branches": [], "missing_branches": [[130, 131], [130, 132]]}, "BIDSDataset.find_tasks": {"executed_lines": [], "summary": {"covered_lines": 0, "num_statements": 7, "percent_covered": 0.0, "percent_covered_display": "0", "missing_lines": 7, "excluded_lines": 0, "num_branches": 2, "num_partial_branches": 0, "covered_branches": 0, "missing_branches": 2}, "missing_lines": [150, 151, 152, 153, 154, 155, 156], "excluded_lines": [], "executed_branches": [], "missing_branches": [[153, 154], [153, 156]]}, "BIDSDataset.list_questionnaire_types": {"executed_lines": [], "summary": {"covered_lines": 0, "num_statements": 12, "percent_covered": 0.0, "percent_covered_display": "0", "missing_lines": 12, "excluded_lines": 0, "num_branches": 12, "num_partial_branches": 0, "covered_branches": 0, "missing_branches": 12}, "missing_lines": [167, 168, 170, 171, 172, 173, 175, 176, 177, 178, 179, 180], "excluded_lines": [], "executed_branches": [], "missing_branches": [[168, 170], [168, 180], [170, 171], [170, 172], [172, 173], [172, 175], [175, 168], [175, 176], [177, 175], [177, 178], [178, 175], [178, 179]]}, "BIDSDataset.load_questionnaire": {"executed_lines": [], "summary": {"covered_lines": 0, "num_statements": 1, "percent_covered": 0.0, "percent_covered_display": "0", "missing_lines": 1, "excluded_lines": 0, "num_branches": 0, "num_partial_branches": 0, "covered_branches": 0, "missing_branches": 0}, "missing_lines": [196], "excluded_lines": [], "executed_branches": [], "missing_branches": []}, "BIDSDataset.load_subject_questionnaires": {"executed_lines": [], "summary": {"covered_lines": 0, "num_statements": 2, "percent_covered": 0.0, "percent_covered_display": "0", "missing_lines": 2, "excluded_lines": 0, "num_branches": 0, "num_partial_branches": 0, "covered_branches": 0, "missing_branches": 0}, "missing_lines": [213, 214], "excluded_lines": [], "executed_branches": [], "missing_branches": []}, "BIDSDataset.load_questionnaires": {"executed_lines": [], "summary": {"covered_lines": 0, "num_statements": 2, "percent_covered": 0.0, "percent_covered_display": "0", "missing_lines": 2, "excluded_lines": 0, "num_branches": 0, "num_partial_branches": 0, "covered_branches": 0, "missing_branches": 0}, "missing_lines": [231, 232], "excluded_lines": [], "executed_branches": [], "missing_branches": []}, "BIDSDataset.questionnaire_to_dataframe": {"executed_lines": [], "summary": {"covered_lines": 0, "num_statements": 15, "percent_covered": 0.0, "percent_covered_display": "0", "missing_lines": 15, "excluded_lines": 0, "num_branches": 10, "num_partial_branches": 0, "covered_branches": 0, "missing_branches": 10}, "missing_lines": [249, 250, 251, 252, 253, 254, 255, 256, 257, 259, 260, 261, 262, 269, 276], "excluded_lines": [], "executed_branches": [], "missing_branches": [[252, 253], [252, 256], [253, 252], [253, 254], [256, 257], [256, 259], [260, 261], [260, 276], [261, 262], [261, 269]]}, "BIDSDataset.find_audio": {"executed_lines": [], "summary": {"covered_lines": 0, "num_statements": 5, "percent_covered": 0.0, "percent_covered_display": "0", "missing_lines": 5, "excluded_lines": 0, "num_branches": 2, "num_partial_branches": 0, "covered_branches": 0, "missing_branches": 2}, "missing_lines": [294, 295, 296, 297, 298], "excluded_lines": [], "executed_branches": [], "missing_branches": [[296, 297], [296, 298]]}, "BIDSDataset.find_audio_features": {"executed_lines": [], "summary": {"covered_lines": 0, "num_statements": 5, "percent_covered": 0.0, "percent_covered_display": "0", "missing_lines": 5, "excluded_lines": 0, "num_branches": 2, "num_partial_branches": 0, "covered_branches": 0, "missing_branches": 2}, "missing_lines": [316, 317, 318, 319, 320], "excluded_lines": [], "executed_branches": [], "missing_branches": [[318, 319], [318, 320]]}, "BIDSDataset.find_audio_transcripts": {"executed_lines": [], "summary": {"covered_lines": 0, "num_statements": 5, "percent_covered": 0.0, "percent_covered_display": "0", "missing_lines": 5, "excluded_lines": 0, "num_branches": 2, "num_partial_branches": 0, "covered_branches": 0, "missing_branches": 2}, "missing_lines": [338, 341, 342, 343, 344], "excluded_lines": [], "executed_branches": [], "missing_branches": [[342, 343], [342, 344]]}, "VBAIDataset.__init__": {"executed_lines": [], "summary": {"covered_lines": 0, "num_statements": 1, "percent_covered": 0.0, "percent_covered_display": "0", "missing_lines": 1, "exclude
[...]
executed_branches": [], "missing_branches": []}, "save_json": {"executed_lines": [], "summary": {"covered_lines": 0, "num_statements": 2, "percent_covered": 0.0, "percent_covered_display": "0", "missing_lines": 2, "excluded_lines": 0, "num_branches": 0, "num_partial_branches": 0, "covered_branches": 0, "missing_branches": 0}, "missing_lines": [239, 240], "excluded_lines": [], "executed_branches": [], "missing_branches": []}, "update_jsons_in_directory": {"executed_lines": [], "summary": {"covered_lines": 0, "num_statements": 18, "percent_covered": 0.0, "percent_covered_display": "0", "missing_lines": 18, "excluded_lines": 0, "num_branches": 10, "num_partial_branches": 0, "covered_branches": 0, "missing_branches": 10}, "missing_lines": [249, 252, 255, 257, 258, 261, 264, 265, 266, 267, 268, 270, 273, 274, 277, 278, 281, 282], "excluded_lines": [], "executed_branches": [], "missing_branches": [[255, 257], [255, 277], [257, 255], [257, 258], [265, 266], [265, 273], [266, 267], [266, 270], [277, 278], [277, 281]]}, "retry": {"executed_lines": [], "summary": {"covered_lines": 0, "num_statements": 2, "percent_covered": 0.0, "percent_covered_display": "0", "missing_lines": 2, "excluded_lines": 0, "num_branches": 0, "num_partial_branches": 0, "covered_branches": 0, "missing_branches": 0}, "missing_lines": [296, 311], "excluded_lines": [], "executed_branches": [], "missing_branches": []}, "retry.wrapper": {"executed_lines": [], "summary": {"covered_lines": 0, "num_statements": 10, "percent_covered": 0.0, "percent_covered_display": "0", "missing_lines": 10, "excluded_lines": 0, "num_branches": 4, "num_partial_branches": 0, "covered_branches": 0, "missing_branches": 4}, "missing_lines": [297, 298, 299, 300, 301, 302, 303, 304, 307, 309], "excluded_lines": [], "executed_branches": [], "missing_branches": [[298, -296], [298, 299], [303, 304], [303, 309]]}, "fetch_json_options_number": {"executed_lines": [], "summary": {"covered_lines": 0, "num_statements": 11, "percent_covered": 0.0, "percent_covered_display": "0", "missing_lines": 11, "excluded_lines": 0, "num_branches": 0, "num_partial_branches": 0, "covered_branches": 0, "missing_branches": 0}, "missing_lines": [321, 323, 325, 326, 329, 330, 332, 333, 334, 335, 336], "excluded_lines": [], "executed_branches": [], "missing_branches": []}, "get_wav_duration": {"executed_lines": [345, 347, 349, 351, 352], "summary": {"covered_lines": 5, "num_statements": 5, "percent_covered": 100.0, "percent_covered_display": "100", "missing_lines": 0, "excluded_lines": 0, "num_branches": 0, "num_partial_branches": 0, "covered_branches": 0, "missing_branches": 0}, "missing_lines": [], "excluded_lines": [], "executed_branches": [], "missing_branches": []}, "": {"executed_lines": [1, 2, 3, 4, 5, 6, 7, 8, 9, 10, 12, 13, 15, 18, 70, 113, 149, 174, 197, 203, 221, 237, 243, 285, 314, 339], "summary": {"covered_lines": 26, "num_statements": 26, "percent_covered": 100.0, "percent_covered_display": "100", "missing_lines": 0, "excluded_lines": 0, "num_branches": 0, "num_partial_branches": 0, "covered_branches": 0, "missing_branches": 0}, "missing_lines": [], "excluded_lines": [], "executed_branches": [], "missing_branches": []}}, "classes": {"": {"executed_lines": [1, 2, 3, 4, 5, 6, 7, 8, 9, 10, 12, 13, 15, 18, 37, 41, 45, 48, 49, 50, 51, 52, 54, 56, 57, 58, 63, 64, 70, 87, 91, 92, 93, 94, 95, 96, 98, 99, 100, 103, 104, 107, 113, 130, 131, 132, 135, 136, 137, 139, 141, 142, 143, 144, 146, 149, 161, 164, 166, 167, 168, 169, 174, 183, 184, 185, 187, 188, 189, 190, 191, 192, 193, 194, 197, 203, 221, 237, 243, 285, 314, 339, 345, 347, 349, 351, 352], "summary": {"covered_lines": 87, "num_statements": 154, "percent_covered": 55.670103092783506, "percent_covered_display": "56", "missing_lines": 67, "excluded_lines": 0, "num_branches": 40, "num_partial_branches": 5, "covered_branches": 21, "missing_branches": 19}, "missing_lines": [38, 42, 66, 67, 88, 109, 110, 170, 171, 198, 199, 205, 206, 209, 210, 213, 214, 216, 218, 225, 228, 231, 232, 234, 239, 240, 249, 252, 255, 257, 258, 261, 264, 265, 266, 267, 268, 270, 273, 274, 277, 278, 281, 282, 296, 297, 298, 299, 300, 301, 302, 303, 304, 307, 309, 311, 321, 323, 325, 326, 329, 330, 332, 333, 334, 335, 336], "excluded_lines": [], "executed_branches": [[37, 41], [41, 45], [48, -18], [48, 49], [49, 50], [87, 91], [91, -70], [91, 92], [92, 93], [130, 131], [130, 132], [135, 136], [135, 141], [136, 137], [136, 139], [143, 144], [143, 146], [166, -149], [166, 167], [183, 184], [183, 187]], "missing_branches": [[37, 38], [41, 42], [49, 48], [87, 88], [92, 91], [255, 257], [255, 277], [257, 255], [257, 258], [265, 266], [265, 273], [266, 267], [266, 270], [277, 278], [277, 281], [298, -296], [298, 299], [303, 304], [303, 309]]}}}, "src/b2aiprep/prepare_synthetic.py": {"executed_lines": [], "summary": {"covered_lines": 0, "num_statements": 204, "percent_covered": 0.0, "percent_covered_display": "0", "missing_lines": 204, "excluded_lines": 0, "num_branches": 88, "num_partial_branches": 0, "covered_branches": 0, "missing_branches": 88}, "missing_lines": [23, 24, 25, 26, 27, 29, 30, 31, 32, 33, 34, 36, 40, 48, 50, 64, 65, 66, 67, 68, 69, 71, 77, 78, 79, 80, 81, 82, 83, 84, 85, 87, 106, 107, 110, 113, 114, 116, 117, 118, 119, 121, 123, 124, 126, 142, 143, 145, 146, 147, 148, 152, 153, 154, 155, 157, 173, 174, 176, 177, 179, 181, 187, 189, 191, 192, 193, 194, 197, 227, 228, 229, 230, 231, 232, 233, 234, 235, 236, 239, 240, 242, 243, 244, 245, 248, 260, 261, 263, 264, 265, 277, 278, 281, 283, 285, 300, 301, 308, 309, 311, 312, 315, 316, 317, 318, 319, 322, 323, 324, 325, 326, 327, 330, 332, 333, 335, 336, 341, 342, 343, 349, 350, 352, 359, 360, 361, 364, 365, 366, 367, 370, 371, 372, 373, 374, 375, 381, 424, 425, 426, 428, 429, 435, 445, 448, 449, 455, 466, 468, 469, 470, 472, 473, 477, 480, 482, 483, 484, 485, 486, 489, 490, 491, 492, 494, 501, 509, 542, 549, 553, 561, 562, 563, 566, 567, 568, 593, 594, 595, 596, 599, 600, 601, 604, 605, 606, 607, 611, 613, 614, 615, 616, 619, 621, 627, 628, 629, 630, 632, 637, 638, 639, 640], "excluded_lines": [], "executed_branches": [], "missing_branches": [[66, 67], [66, 68], [68, 69], [68, 71], [116, 117], [116, 119], [119, 121], [119, 123], [147, 148], [147, 155], [153, 154], [153, 155], [173, 174], [173, 176], [191, 192], [191, 193], [228, 229], [228, 231], [231, 232], [231, 234], [234, 235], [234, 239], [242, 243], [242, 244], [260, 261], [260, 263], [263, 264], [263, 277], [277, 278], [277, 281], [308, 309], [308, 311], [311, -285], [311, 312], [323, 324], [323, 327], [325, 323], [325, 326], [335, 336], [335, 341], [341, 342], [341, 359], [349, 350], [349, 352], [364, -330], [364, 365], [366, 367], [366, 370], [373, 374], [373, 375], [424, 425], [424, 489], [425, 426], [425, 428], [448, 424], [448, 449], [466, 448], [466, 468], [469, 470], [469, 472], [472, 473], [472, 477], [484, 485], [484, 486], [489, 364], [489, 490], [490, 491], [490, 492], [562, 563], [562, 593], [599, 600], [599, 604], [605, 606], [605, 637], [611, 605], [611, 613], [614, 615], [614, 616], [619, 621], [619, 627], [627, 611], [627, 628], [628, 629], [628, 632], [637, 638], [637, 639], [639, -509], [639, 640]], "functions": {"load_redcap_csv": {"executed_lines": [], "summary": {"covered_lines": 0, "num_statements": 16, "percent_covered": 0.0, "percent_covered_display": "0", "missing_lines": 16, "excluded_lines": 0, "num_branches": 4, "num_partial_branches": 0, "covered_branches": 0, "missing_branches": 4}, "missing_lines": [64, 65, 66, 67, 68, 69, 71, 77, 78, 79, 80, 81, 82, 83, 84, 85], "excluded_lines": [], "executed_branches": [], "missing_branches": [[66, 67], [66, 68], [68, 69], [68, 71]]}, "update_redcap_df_column_names": {"executed_lines": [], "summary": {"covered_lines": 0, "num_statements": 12, "percent_covered": 0.0, "percent_covered_display": "0", "missing_lines": 12, "excluded_lines": 0, "num_branches": 4, "num_partial_branches": 0, "covered_branches": 0, "missing_branches": 4}, "missing_lines": [106, 107, 110, 113, 114, 116, 117, 118, 119, 121, 123, 124], "excluded_lines": [], "executed_branches": [], "missing_branches": [[116, 117], [116, 119], [119, 121], [119, 123]]}, "get_df_of_repeat_instrument": {"executed_lines": [], "summary": {"covered_lines": 0, "num_statements": 10, "percent_covered": 0.0, "percent_covered_display": "0", "missing_lines": 10, "excluded_lines": 0, "num_branches": 4, "num_partial_branches": 0, "covered_branches": 0, "missing_branches": 4}, "missing_lines": [142, 143, 145, 146, 147, 148, 152, 153, 154, 155], "excluded_lines": [], "executed_branches": [], "missing_branches": [[147, 148], [147, 155], [153, 154], [153, 155]]}, "get_recordings_for_acoustic_task": {"executed_lines": [], "summary": {"covered_lines": 0, "num_statements": 7, "percent_covered": 0.0, "percent_covered_display": "0", "missing_lines": 7, "excluded_lines": 0, "num_branches": 2, "num_partial_branches": 0, "covered_branches": 0, "missing_branches": 2}, "missing_lines": [173, 174, 176, 177, 179, 181, 187], "excluded_lines": [], "executed_branches": [], "missing_branches": [[173, 174], [173, 176]]}, "_transform_str_for_bids_filename": {"executed_lines": [], "summary": {"covered_lines": 0, "num_statements": 4, "percent_covered": 0.0, "percent_covered_display": "0", "missing_lines": 4, "excluded_lines": 0, "num_branches": 2, "num_partial_branches": 0, "covered_branches": 0, "missing_branches": 2}, "missing_lines": [191, 192, 193, 194], "excluded_lines": [], "executed_branches": [], "missing_branches": [[191, 192], [191, 193]]}, "write_pydantic_model_to_bids_file": {"executed_lines": [], "summary": {"covered_lines": 0, "num_statements": 16, "percent_covered": 0.0, "percent_covered_display": "0", "missing_lines": 16, "excluded_lines": 0, "num_branches": 8, "num_partial_branches": 0, "covered_branches": 0, "missing_branches": 8}, "missing_lines": [227, 228, 229, 230, 231, 232, 233, 234, 235, 236, 239, 240, 242, 243, 244, 245], "excluded_lines": [], "executed_branches": [], "missing_branches": [[228, 229], [228, 231], [231, 232], [231, 234], [234, 235], [234, 239], [242, 243], [242, 244]]}, "_df_to_dict": {"executed_lines": [], "summary": {"covered_lines": 0, "num_statements": 9, "percent_covered": 0.0, "percent_covered_display": "0", "missing_lines": 9, "excluded_lines": 0, "num_branches": 6, "num_partial_branches": 0, "covered_branches": 0, "missing_branches": 6}, "missing_lines": [260, 261, 263, 264, 265, 277, 278, 281, 283], "excluded_lines": [], "executed_branches": [], "missing_branches": [[260, 261], [260, 263], [263, 264], [263, 277], [277, 278], [277, 281]]}, "create_file_dir": {"executed_lines": [], "summary": {"covered_lines": 0, "num_statements": 6, "percent_covered": 0.0, "percent_covered_display": "0", "missing_lines": 6, "excluded_lines": 0, "num_branches": 4, "num_partial_branches": 0, "covered_branches": 0, "missing_branches": 4}, "missing_lines": [300, 301, 308, 309, 311, 312], "excluded_lines": [], "executed_branches": [], "missing_branches": [[308, 309], [308, 311], [311, -285], [311, 312]]}, "questionnaire_mapping": {"executed_lines": [], "summary": {"covered_lines": 0, "num_statements": 4, "percent_covered": 0.0, "percent_covered_display": "0", "missing_lines": 4, "excluded_lines": 0, "num_branches": 0, "num_partial_branches": 0, "covered_branches": 0, "missing_branches": 0}, "missing_lines": [316, 317, 318, 319], "excluded_lines": [], "executed_branches": [], "missing_branches": []}, "get_instrument_for_name": {"executed_lines": [], "summary": {"covered_lines": 0, "num_statements": 5, "percent_covered": 0.0, "percent_covered_display": "0", "missing_lines": 5, "excluded_lines": 0, "num_branches": 4, "num_partial_branches": 0, "covered_branches": 0, "missing_branches": 4}, "missing_lines": [323, 324, 325, 326, 327], "excluded_lines": [], "executed_branches": [], "missing_branches": [[323, 324], [323, 327], [325, 323], [325, 326]]}, "output_participant_data_to_fhir": {"executed_lines": [], "summary": {"covered_lines": 0, "num_statements": 53, "percent_covered": 0.0, "percent_covered_display": "0", "missing_lines": 53, "excluded_lines": 0, "num_branches": 30, "num_partial_branches": 0, "covered_branches": 0, "missing_branches": 30}, "missing_lines": [332, 333, 335, 336, 341, 342, 343, 349, 350, 352, 359, 360, 361, 364, 365, 366, 367, 370, 371, 372, 373, 374, 375, 381, 424, 425, 426, 428, 429, 435, 445, 448, 449, 455, 466, 468, 469, 470, 472, 473, 477, 480, 482, 483, 484, 485, 486, 489, 490, 491, 492, 494, 501], "excluded_lines": [], "executed_branches": [], "missing_branches": [[335, 336], [335, 341], [341, 342], [341, 359], [349, 350], [349, 352], [364, -330], [364, 365], [366, 367], [366, 370], [373, 374], [373, 375], [424, 425], [424, 489], [425, 426], [425, 428], [448, 424], [448, 449], [466, 448], [466, 468], [469, 470], [469, 472], [472, 473], [472, 477], [484, 485], [484, 486], [489, 364], [489, 490], [490, 491], [490, 492]]}, "redcap_to_bids": {"executed_lines": [], "summary": {"covered_lines": 0, "num_statements": 36, "percent_covered": 0.0, "percent_covered_display": "0", "missing_lines": 36, "excluded_lines": 0, "num_branches": 20, "num_partial_branches": 0, "covered_branches": 0, "missing_branches": 20}, "missing_lines": [542, 549, 553, 561, 562, 563, 566, 567, 568, 593, 594, 595, 596, 599, 600, 601, 604, 605, 606, 607, 611, 613, 614, 615, 616, 619, 621, 627, 628, 629, 630, 632, 637, 638, 639, 640], "excluded_lines": [], "executed_branches": [], "missing_branches": [[562, 563], [562, 593], [599, 600], [599, 604], [605, 606], [605, 637], [611, 605], [611, 613], [614, 615], [614, 616], [619, 621], [619, 627], [627, 611], [627, 628], [628, 629], [628, 632], [637, 638], [637, 639], [639, -509], [639, 640]]}, "": {"executed_lines": [], "summary": {"covered_lines": 0, "num_statements": 26, "percent_covered": 0.0, "percent_covered_display": "0", "missing_lines": 26, "excluded_lines": 0, "num_branches": 0, "num_partial_branches": 0, "covered_branches": 0, "missing_branches": 0}, "missing_lines": [23, 24, 25, 26, 27, 29, 30, 31, 32, 33, 34, 36, 40, 48, 50, 87, 126, 157, 189, 197, 248, 285, 315, 322, 330, 509], "excluded_lines": [], "executed_branches": [], "missing_branches": []}}, "classes": {"": {"executed_lines": [], "summary": {"covered_lines": 0, "num_statements": 204, "percent_covered": 0.0, "percent_covered_display": "0", "missing_lines": 204, "excluded_lines": 0, "num_branches": 88, "num_partial_branches": 0, "covered_branches": 0, "missing_branches": 88}, "missing_lines": [23, 24, 25, 26, 27, 29, 30, 31, 32, 33, 34, 36, 40, 48, 50, 64, 65, 66, 67, 68, 69, 71, 77, 78, 79, 80, 81, 82, 83, 84, 85, 87, 106, 107, 110, 113, 114, 116, 117, 118, 119, 121, 123, 124, 126, 142, 143, 145, 146, 147, 148, 152, 153, 154, 155, 157, 173, 174, 176, 177, 179, 181, 187, 189, 191, 192, 193, 194, 197, 227, 228, 229, 230, 231, 232, 233, 234, 235, 236, 239, 240, 242, 243, 244, 245, 248, 260, 261, 263, 264, 265, 277, 278, 281, 283, 285, 300, 301, 308, 309, 311, 312, 315, 316, 317, 318, 319, 322, 323, 324, 325, 326, 327, 330, 332, 333, 335, 336, 341, 342, 343, 349, 350, 352, 359, 360, 361, 364, 365, 366, 367, 370, 371, 372, 373, 374, 375, 381, 424, 425, 426, 428, 429, 435, 445, 448, 449, 455, 466, 468, 469, 470, 472, 473, 477, 480, 482, 483, 484, 485, 486, 489, 490, 491, 492, 494, 501, 509, 542, 549, 553, 561, 562, 563, 566, 567, 568, 593, 594, 595, 596, 599, 600, 601, 604, 605, 606, 607, 611, 613, 614, 615, 616, 619, 621, 627, 628, 629, 630, 632, 637, 638, 639, 640], "excluded_lines": [], "executed_branches": [], "missing_branches": [[66, 67], [66, 68], [68, 69], [68, 71], [116, 117], [116, 119], [119, 121], [119, 123], [147, 148], [147, 155], [153, 154], [153, 155], [173, 174], [173, 176], [191, 192], [191, 193], [228, 229], [228, 231], [231, 232], [231, 234], [234, 235], [234, 239], [242, 243], [242, 244], [260, 261], [260, 263], [263, 264], [263, 277], [277, 278], [277, 281], [308, 309], [308, 311], [311, -285], [311, 312], [323, 324], [323, 327], [325, 323], [325, 326], [335, 336], [335, 341], [341, 342], [341, 359], [349, 350], [349, 352], [364, -330], [364, 365], [366, 367], [366, 370], [373, 374], [373, 375], [424, 425], [424, 489], [425, 426], [425, 428], [448, 424], [448, 449], [466, 448], [466, 468], [469, 470], [469, 472], [472, 473], [472, 477], [484, 485], [484, 486], [489, 364], [489, 490], [490, 491], [490, 492], [562, 563], [562, 593], [599, 600], [599, 604], [605, 606], [605, 637], [611, 605], [611, 613], [614, 615], [614, 616], [619, 621], [619, 627], [627, 611], [627, 628], [628, 629], [628, 632], [637, 638], [637, 639], [639, -509], [639, 640]]}}}, "src/b2aiprep/synthetic_data.py": {"executed_lines": [], "summary": {"covered_lines": 0, "num_statements": 51, "percent_covered": 0.0, "percent_covered_display": "0", "missing_lines": 51, "excluded_lines": 0, "num_branches": 6, "num_partial_branches": 0, "covered_branches": 0, "missing_branches": 6}, "missing_lines": [3, 4, 5, 6, 7, 9, 10, 11, 12, 13, 15, 21, 22, 23, 29, 33, 34, 35, 36, 37, 42, 45, 50, 51, 52, 53, 55, 56, 58, 65, 67, 68, 72, 79, 80, 81, 82, 83, 86, 87, 88, 89, 91, 92, 93, 94, 95, 97, 98, 99, 104], "excluded_lines": [], "executed_branches": [], "missing_branches": [[56, 58], [56, 67], [67, -45], [67, 68], [87, 88], [87, 91]], "functions": {"evaluate_synthetic_data": {"executed_lines": [], "summary": {"covered_lines": 0, "num_statements": 6, "percent_covered": 0.0, "percent_covered_display": "0", "missing_lines": 6, "excluded_lines": 0, "num_branches": 0, "num_partial_branches": 0, "covered_branches": 0, "missing_branches": 0}, "missing_lines": [33, 34, 35, 36, 37, 42], "excluded_lines": [], "executed_branches": [], "missing_branches": []}, "generate_column_plot": {"executed_lines": [], "summary": {"covered_lines": 0, "num_statements": 10, "percent_covered": 0.0, "percent_covered_display": "0", "missing_lines": 10, "excluded_lines": 0, "num_branches": 4, "num_partial_branches": 0, "covered_branches": 0, "missing_branches": 4}, "missing_lines": [50, 51, 52, 53, 55, 56, 58, 65, 67, 68], "excluded_lines": [], "executed_branches": [], "missing_branches": [[56, 58], [56, 67], [67, -45], [67, 68]]}, "generate_synthetic_tabular_data": {"executed_lines": [], "summary": {"covered_lines": 0, "num_statements": 18, "percent_covered": 0.0, "percent_covered_display": "0", "missing_lines": 18, "excluded_lines": 0, "num_branches": 2, "num_partial_branches": 0, "covered_branches": 0, "missing_branches": 2}, "missing_lines": [79, 80, 81, 82, 83, 86, 87, 88, 89, 91, 92, 93, 94, 95, 97, 98, 99, 104], "excluded_lines": [], "executed_branches": [], "missing_branches": [[87, 88], [87, 91]]}, "": {"executed_lines": [], "summary": {"covered_lines": 0, "num_statements": 17, "percent_covered": 0.0, "percent_covered_display": "0", "missing_lines": 17, "excluded_lines": 0, "num_branches": 0, "num_partial_branches": 0, "covered_branches": 0, "missing_branches": 0}, "missing_lines": [3, 4, 5, 6, 7, 9, 10, 11, 12, 13, 15, 21, 22, 23, 29, 45, 72], "excluded_lines": [], "executed_branches": [], "missing_branches": []}}, "classes": {"": {"executed_lines": [], "summary": {"covered_lines": 0, "num_statements": 51, "percent_covered": 0.0, "percent_covered_display": "0", "missing_lines": 51, "excluded_lines": 0, "num_branches": 6, "num_partial_branches": 0, "covered_branches": 0, "missing_branches": 6}, "missing_lines": [3, 4, 5, 6, 7, 9, 10, 11, 12, 13, 15, 21, 22, 23, 29, 33, 34, 35, 36, 37, 42, 45, 50, 51, 52, 53, 55, 56, 58, 65, 67, 68, 72, 79, 80, 81, 82, 83, 86, 87, 88, 89, 91, 92, 93, 94, 95, 97, 98, 99, 104], "excluded_lines": [], "executed_branches": [], "missing_branches": [[56, 58], [56, 67], [67, -45], [67, 68], [87, 88], [87, 91]]}}}}, "totals": {"covered_lines": 1359, "num_statements": 2578, "percent_covered": 47.95918367346939, "percent_covered_display": "48", "missing_lines": 1219, "excluded_lines": 0, "num_branches": 950, "num_partial_branches": 117, "covered_branches": 333, "missing_branches": 617}}
